{"C:\\Users\\Chris\\Desktop\\APIcl\\client-library-2\\src\\cache.ts": {"path":"C:\\Users\\Chris\\Desktop\\APIcl\\client-library-2\\src\\cache.ts","statementMap":{"0":{"start":{"line":13,"column":0},"end":{"line":13,"column":40}},"1":{"start":{"line":19,"column":10},"end":{"line":19,"column":48}},"2":{"start":{"line":23,"column":4},"end":{"line":23,"column":27}},"3":{"start":{"line":27,"column":18},"end":{"line":27,"column":66}},"4":{"start":{"line":28,"column":4},"end":{"line":28,"column":28}},"5":{"start":{"line":28,"column":16},"end":{"line":28,"column":28}},"6":{"start":{"line":31,"column":4},"end":{"line":34,"column":5}},"7":{"start":{"line":32,"column":6},"end":{"line":32,"column":29}},"8":{"start":{"line":33,"column":6},"end":{"line":33,"column":18}},"9":{"start":{"line":37,"column":4},"end":{"line":37,"column":24}},"10":{"start":{"line":38,"column":4},"end":{"line":38,"column":34}},"11":{"start":{"line":40,"column":4},"end":{"line":40,"column":17}},"12":{"start":{"line":45,"column":4},"end":{"line":47,"column":5}},"13":{"start":{"line":46,"column":6},"end":{"line":46,"column":31}},"14":{"start":{"line":49,"column":4},"end":{"line":49,"column":31}},"15":{"start":{"line":53,"column":4},"end":{"line":53,"column":27}},"16":{"start":{"line":57,"column":4},"end":{"line":57,"column":23}},"17":{"start":{"line":61,"column":4},"end":{"line":61,"column":41}},"18":{"start":{"line":65,"column":4},"end":{"line":65,"column":27}},"19":{"start":{"line":69,"column":20},"end":{"line":69,"column":22}},"20":{"start":{"line":70,"column":21},"end":{"line":70,"column":31}},"21":{"start":{"line":72,"column":4},"end":{"line":77,"column":5}},"22":{"start":{"line":73,"column":6},"end":{"line":76,"column":7}},"23":{"start":{"line":74,"column":8},"end":{"line":74,"column":38}},"24":{"start":{"line":75,"column":8},"end":{"line":75,"column":24}},"25":{"start":{"line":79,"column":4},"end":{"line":81,"column":5}},"26":{"start":{"line":80,"column":6},"end":{"line":80,"column":35}},"27":{"start":{"line":18,"column":0},"end":{"line":18,"column":13}},"28":{"start":{"line":94,"column":4},"end":{"line":94,"column":31}},"29":{"start":{"line":95,"column":4},"end":{"line":95,"column":27}},"30":{"start":{"line":96,"column":4},"end":{"line":96,"column":62}},"31":{"start":{"line":100,"column":4},"end":{"line":102,"column":5}},"32":{"start":{"line":101,"column":6},"end":{"line":101,"column":18}},"33":{"start":{"line":104,"column":4},"end":{"line":125,"column":5}},"34":{"start":{"line":105,"column":21},"end":{"line":105,"column":63}},"35":{"start":{"line":106,"column":6},"end":{"line":106,"column":31}},"36":{"start":{"line":106,"column":19},"end":{"line":106,"column":31}},"37":{"start":{"line":108,"column":35},"end":{"line":108,"column":53}},"38":{"start":{"line":111,"column":6},"end":{"line":114,"column":7}},"39":{"start":{"line":112,"column":8},"end":{"line":112,"column":31}},"40":{"start":{"line":113,"column":8},"end":{"line":113,"column":20}},"41":{"start":{"line":117,"column":6},"end":{"line":117,"column":26}},"42":{"start":{"line":118,"column":6},"end":{"line":118,"column":36}},"43":{"start":{"line":119,"column":6},"end":{"line":119,"column":72}},"44":{"start":{"line":121,"column":6},"end":{"line":121,"column":19}},"45":{"start":{"line":123,"column":6},"end":{"line":123,"column":73}},"46":{"start":{"line":124,"column":6},"end":{"line":124,"column":18}},"47":{"start":{"line":129,"column":4},"end":{"line":131,"column":5}},"48":{"start":{"line":130,"column":6},"end":{"line":130,"column":13}},"49":{"start":{"line":133,"column":4},"end":{"line":143,"column":5}},"50":{"start":{"line":135,"column":26},"end":{"line":135,"column":43}},"51":{"start":{"line":136,"column":6},"end":{"line":138,"column":7}},"52":{"start":{"line":137,"column":8},"end":{"line":137,"column":33}},"53":{"start":{"line":140,"column":6},"end":{"line":140,"column":72}},"54":{"start":{"line":142,"column":6},"end":{"line":142,"column":72}},"55":{"start":{"line":147,"column":4},"end":{"line":149,"column":5}},"56":{"start":{"line":148,"column":6},"end":{"line":148,"column":13}},"57":{"start":{"line":151,"column":4},"end":{"line":151,"column":50}},"58":{"start":{"line":155,"column":4},"end":{"line":157,"column":5}},"59":{"start":{"line":156,"column":6},"end":{"line":156,"column":13}},"60":{"start":{"line":159,"column":17},"end":{"line":159,"column":34}},"61":{"start":{"line":160,"column":4},"end":{"line":160,"column":71}},"62":{"start":{"line":160,"column":24},"end":{"line":160,"column":69}},"63":{"start":{"line":164,"column":4},"end":{"line":166,"column":5}},"64":{"start":{"line":165,"column":6},"end":{"line":165,"column":16}},"65":{"start":{"line":168,"column":27},"end":{"line":168,"column":29}},"66":{"start":{"line":169,"column":4},"end":{"line":174,"column":5}},"67":{"start":{"line":169,"column":17},"end":{"line":169,"column":18}},"68":{"start":{"line":170,"column":18},"end":{"line":170,"column":37}},"69":{"start":{"line":171,"column":6},"end":{"line":173,"column":7}},"70":{"start":{"line":172,"column":8},"end":{"line":172,"column":56}},"71":{"start":{"line":175,"column":4},"end":{"line":175,"column":16}},"72":{"start":{"line":179,"column":4},"end":{"line":179,"column":38}},"73":{"start":{"line":183,"column":17},"end":{"line":183,"column":34}},"74":{"start":{"line":184,"column":20},"end":{"line":184,"column":22}},"75":{"start":{"line":185,"column":21},"end":{"line":185,"column":31}},"76":{"start":{"line":187,"column":4},"end":{"line":201,"column":5}},"77":{"start":{"line":188,"column":6},"end":{"line":200,"column":7}},"78":{"start":{"line":189,"column":23},"end":{"line":189,"column":65}},"79":{"start":{"line":190,"column":8},"end":{"line":196,"column":9}},"80":{"start":{"line":191,"column":36},"end":{"line":191,"column":54}},"81":{"start":{"line":192,"column":10},"end":{"line":195,"column":11}},"82":{"start":{"line":193,"column":12},"end":{"line":193,"column":42}},"83":{"start":{"line":194,"column":12},"end":{"line":194,"column":28}},"84":{"start":{"line":199,"column":8},"end":{"line":199,"column":31}},"85":{"start":{"line":203,"column":4},"end":{"line":205,"column":5}},"86":{"start":{"line":204,"column":6},"end":{"line":204,"column":35}},"87":{"start":{"line":88,"column":0},"end":{"line":88,"column":13}},"88":{"start":{"line":214,"column":4},"end":{"line":216,"column":5}},"89":{"start":{"line":215,"column":6},"end":{"line":215,"column":18}},"90":{"start":{"line":218,"column":4},"end":{"line":239,"column":5}},"91":{"start":{"line":219,"column":21},"end":{"line":219,"column":65}},"92":{"start":{"line":220,"column":6},"end":{"line":220,"column":31}},"93":{"start":{"line":220,"column":19},"end":{"line":220,"column":31}},"94":{"start":{"line":222,"column":35},"end":{"line":222,"column":53}},"95":{"start":{"line":225,"column":6},"end":{"line":228,"column":7}},"96":{"start":{"line":226,"column":8},"end":{"line":226,"column":31}},"97":{"start":{"line":227,"column":8},"end":{"line":227,"column":20}},"98":{"start":{"line":231,"column":6},"end":{"line":231,"column":26}},"99":{"start":{"line":232,"column":6},"end":{"line":232,"column":36}},"100":{"start":{"line":233,"column":6},"end":{"line":233,"column":74}},"101":{"start":{"line":235,"column":6},"end":{"line":235,"column":19}},"102":{"start":{"line":237,"column":6},"end":{"line":237,"column":75}},"103":{"start":{"line":238,"column":6},"end":{"line":238,"column":18}},"104":{"start":{"line":243,"column":4},"end":{"line":245,"column":5}},"105":{"start":{"line":244,"column":6},"end":{"line":244,"column":13}},"106":{"start":{"line":247,"column":4},"end":{"line":257,"column":5}},"107":{"start":{"line":249,"column":26},"end":{"line":249,"column":43}},"108":{"start":{"line":250,"column":6},"end":{"line":252,"column":7}},"109":{"start":{"line":251,"column":8},"end":{"line":251,"column":33}},"110":{"start":{"line":254,"column":6},"end":{"line":254,"column":74}},"111":{"start":{"line":256,"column":6},"end":{"line":256,"column":74}},"112":{"start":{"line":261,"column":4},"end":{"line":263,"column":5}},"113":{"start":{"line":262,"column":6},"end":{"line":262,"column":13}},"114":{"start":{"line":265,"column":4},"end":{"line":265,"column":52}},"115":{"start":{"line":269,"column":4},"end":{"line":271,"column":5}},"116":{"start":{"line":270,"column":6},"end":{"line":270,"column":13}},"117":{"start":{"line":273,"column":17},"end":{"line":273,"column":34}},"118":{"start":{"line":274,"column":4},"end":{"line":274,"column":73}},"119":{"start":{"line":274,"column":24},"end":{"line":274,"column":71}},"120":{"start":{"line":278,"column":4},"end":{"line":280,"column":5}},"121":{"start":{"line":279,"column":6},"end":{"line":279,"column":16}},"122":{"start":{"line":282,"column":27},"end":{"line":282,"column":29}},"123":{"start":{"line":283,"column":4},"end":{"line":288,"column":5}},"124":{"start":{"line":283,"column":17},"end":{"line":283,"column":18}},"125":{"start":{"line":284,"column":18},"end":{"line":284,"column":39}},"126":{"start":{"line":285,"column":6},"end":{"line":287,"column":7}},"127":{"start":{"line":286,"column":8},"end":{"line":286,"column":56}},"128":{"start":{"line":289,"column":4},"end":{"line":289,"column":16}},"129":{"start":{"line":293,"column":4},"end":{"line":293,"column":38}},"130":{"start":{"line":297,"column":17},"end":{"line":297,"column":34}},"131":{"start":{"line":298,"column":20},"end":{"line":298,"column":22}},"132":{"start":{"line":299,"column":21},"end":{"line":299,"column":31}},"133":{"start":{"line":301,"column":4},"end":{"line":315,"column":5}},"134":{"start":{"line":302,"column":6},"end":{"line":314,"column":7}},"135":{"start":{"line":303,"column":23},"end":{"line":303,"column":67}},"136":{"start":{"line":304,"column":8},"end":{"line":310,"column":9}},"137":{"start":{"line":305,"column":36},"end":{"line":305,"column":54}},"138":{"start":{"line":306,"column":10},"end":{"line":309,"column":11}},"139":{"start":{"line":307,"column":12},"end":{"line":307,"column":42}},"140":{"start":{"line":308,"column":12},"end":{"line":308,"column":28}},"141":{"start":{"line":313,"column":8},"end":{"line":313,"column":31}},"142":{"start":{"line":317,"column":4},"end":{"line":319,"column":5}},"143":{"start":{"line":318,"column":6},"end":{"line":318,"column":35}},"144":{"start":{"line":212,"column":0},"end":{"line":212,"column":13}},"145":{"start":{"line":330,"column":10},"end":{"line":330,"column":52}},"146":{"start":{"line":331,"column":10},"end":{"line":331,"column":74}},"147":{"start":{"line":332,"column":10},"end":{"line":332,"column":64}},"148":{"start":{"line":336,"column":4},"end":{"line":336,"column":62}},"149":{"start":{"line":337,"column":4},"end":{"line":346,"column":6}},"150":{"start":{"line":348,"column":4},"end":{"line":359,"column":6}},"151":{"start":{"line":361,"column":4},"end":{"line":361,"column":40}},"152":{"start":{"line":365,"column":4},"end":{"line":372,"column":5}},"153":{"start":{"line":367,"column":8},"end":{"line":367,"column":101}},"154":{"start":{"line":369,"column":8},"end":{"line":369,"column":103}},"155":{"start":{"line":371,"column":8},"end":{"line":371,"column":59}},"156":{"start":{"line":379,"column":42},"end":{"line":379,"column":50}},"157":{"start":{"line":380,"column":21},"end":{"line":380,"column":48}},"158":{"start":{"line":382,"column":4},"end":{"line":388,"column":5}},"159":{"start":{"line":383,"column":27},"end":{"line":386,"column":18}},"160":{"start":{"line":385,"column":20},"end":{"line":385,"column":59}},"161":{"start":{"line":387,"column":6},"end":{"line":387,"column":34}},"162":{"start":{"line":390,"column":4},"end":{"line":392,"column":5}},"163":{"start":{"line":391,"column":6},"end":{"line":391,"column":42}},"164":{"start":{"line":394,"column":4},"end":{"line":394,"column":30}},"165":{"start":{"line":401,"column":4},"end":{"line":401,"column":42}},"166":{"start":{"line":401,"column":30},"end":{"line":401,"column":42}},"167":{"start":{"line":403,"column":4},"end":{"line":403,"column":31}},"168":{"start":{"line":405,"column":18},"end":{"line":405,"column":48}},"169":{"start":{"line":407,"column":4},"end":{"line":421,"column":5}},"170":{"start":{"line":408,"column":6},"end":{"line":408,"column":24}},"171":{"start":{"line":409,"column":6},"end":{"line":409,"column":33}},"172":{"start":{"line":412,"column":6},"end":{"line":414,"column":7}},"173":{"start":{"line":413,"column":8},"end":{"line":413,"column":63}},"174":{"start":{"line":416,"column":6},"end":{"line":416,"column":24}},"175":{"start":{"line":418,"column":6},"end":{"line":418,"column":26}},"176":{"start":{"line":419,"column":6},"end":{"line":419,"column":34}},"177":{"start":{"line":420,"column":6},"end":{"line":420,"column":18}},"178":{"start":{"line":428,"column":4},"end":{"line":428,"column":37}},"179":{"start":{"line":428,"column":30},"end":{"line":428,"column":37}},"180":{"start":{"line":430,"column":4},"end":{"line":457,"column":5}},"181":{"start":{"line":431,"column":18},"end":{"line":431,"column":55}},"182":{"start":{"line":432,"column":19},"end":{"line":432,"column":43}},"183":{"start":{"line":434,"column":35},"end":{"line":442,"column":8}},"184":{"start":{"line":444,"column":6},"end":{"line":444,"column":41}},"185":{"start":{"line":445,"column":6},"end":{"line":445,"column":48}},"186":{"start":{"line":448,"column":6},"end":{"line":448,"column":31}},"187":{"start":{"line":451,"column":6},"end":{"line":451,"column":54}},"188":{"start":{"line":453,"column":6},"end":{"line":456,"column":9}},"189":{"start":{"line":464,"column":4},"end":{"line":464,"column":35}},"190":{"start":{"line":465,"column":4},"end":{"line":465,"column":34}},"191":{"start":{"line":466,"column":4},"end":{"line":466,"column":29}},"192":{"start":{"line":473,"column":4},"end":{"line":473,"column":31}},"193":{"start":{"line":474,"column":4},"end":{"line":474,"column":24}},"194":{"start":{"line":475,"column":4},"end":{"line":475,"column":26}},"195":{"start":{"line":476,"column":4},"end":{"line":476,"column":29}},"196":{"start":{"line":477,"column":4},"end":{"line":477,"column":39}},"197":{"start":{"line":478,"column":4},"end":{"line":478,"column":33}},"198":{"start":{"line":479,"column":4},"end":{"line":479,"column":30}},"199":{"start":{"line":480,"column":4},"end":{"line":480,"column":31}},"200":{"start":{"line":481,"column":4},"end":{"line":481,"column":35}},"201":{"start":{"line":488,"column":4},"end":{"line":490,"column":10}},"202":{"start":{"line":491,"column":4},"end":{"line":491,"column":29}},"203":{"start":{"line":498,"column":23},"end":{"line":498,"column":42}},"204":{"start":{"line":499,"column":4},"end":{"line":499,"column":51}},"205":{"start":{"line":502,"column":4},"end":{"line":505,"column":5}},"206":{"start":{"line":503,"column":6},"end":{"line":503,"column":42}},"207":{"start":{"line":504,"column":6},"end":{"line":504,"column":19}},"208":{"start":{"line":512,"column":4},"end":{"line":512,"column":30}},"209":{"start":{"line":519,"column":4},"end":{"line":519,"column":39}},"210":{"start":{"line":526,"column":18},"end":{"line":526,"column":55}},"211":{"start":{"line":527,"column":4},"end":{"line":529,"column":5}},"212":{"start":{"line":528,"column":6},"end":{"line":528,"column":43}},"213":{"start":{"line":536,"column":16},"end":{"line":536,"column":44}},"214":{"start":{"line":537,"column":22},"end":{"line":537,"column":62}},"215":{"start":{"line":538,"column":4},"end":{"line":538,"column":28}},"216":{"start":{"line":545,"column":4},"end":{"line":549,"column":5}},"217":{"start":{"line":546,"column":6},"end":{"line":546,"column":45}},"218":{"start":{"line":548,"column":6},"end":{"line":548,"column":15}},"219":{"start":{"line":556,"column":4},"end":{"line":556,"column":54}},"220":{"start":{"line":559,"column":17},"end":{"line":559,"column":42}},"221":{"start":{"line":560,"column":20},"end":{"line":560,"column":21}},"222":{"start":{"line":562,"column":4},"end":{"line":567,"column":5}},"223":{"start":{"line":563,"column":20},"end":{"line":563,"column":47}},"224":{"start":{"line":564,"column":6},"end":{"line":566,"column":7}},"225":{"start":{"line":565,"column":8},"end":{"line":565,"column":32}},"226":{"start":{"line":569,"column":4},"end":{"line":569,"column":39}},"227":{"start":{"line":570,"column":4},"end":{"line":570,"column":45}},"228":{"start":{"line":577,"column":30},"end":{"line":582,"column":6}},"229":{"start":{"line":584,"column":4},"end":{"line":590,"column":7}},"230":{"start":{"line":585,"column":6},"end":{"line":589,"column":7}},"231":{"start":{"line":586,"column":8},"end":{"line":586,"column":24}},"232":{"start":{"line":588,"column":8},"end":{"line":588,"column":63}},"233":{"start":{"line":598,"column":4},"end":{"line":600,"column":5}},"234":{"start":{"line":599,"column":6},"end":{"line":599,"column":13}},"235":{"start":{"line":602,"column":27},"end":{"line":612,"column":8}},"236":{"start":{"line":603,"column":6},"end":{"line":611,"column":7}},"237":{"start":{"line":604,"column":8},"end":{"line":604,"column":41}},"238":{"start":{"line":605,"column":26},"end":{"line":605,"column":43}},"239":{"start":{"line":606,"column":8},"end":{"line":606,"column":39}},"240":{"start":{"line":608,"column":8},"end":{"line":608,"column":75}},"241":{"start":{"line":610,"column":8},"end":{"line":610,"column":51}},"242":{"start":{"line":614,"column":4},"end":{"line":614,"column":60}},"243":{"start":{"line":621,"column":23},"end":{"line":621,"column":45}},"244":{"start":{"line":622,"column":4},"end":{"line":625,"column":5}},"245":{"start":{"line":623,"column":19},"end":{"line":623,"column":34}},"246":{"start":{"line":624,"column":6},"end":{"line":624,"column":41}},"247":{"start":{"line":636,"column":4},"end":{"line":641,"column":5}},"248":{"start":{"line":638,"column":24},"end":{"line":638,"column":39}},"249":{"start":{"line":639,"column":6},"end":{"line":639,"column":46}},"250":{"start":{"line":640,"column":6},"end":{"line":640,"column":23}},"251":{"start":{"line":643,"column":23},"end":{"line":643,"column":45}},"252":{"start":{"line":645,"column":4},"end":{"line":652,"column":5}},"253":{"start":{"line":647,"column":20},"end":{"line":647,"column":50}},"254":{"start":{"line":648,"column":6},"end":{"line":650,"column":7}},"255":{"start":{"line":649,"column":8},"end":{"line":649,"column":51}},"256":{"start":{"line":651,"column":6},"end":{"line":651,"column":24}},"257":{"start":{"line":655,"column":22},"end":{"line":655,"column":66}},"258":{"start":{"line":656,"column":4},"end":{"line":656,"column":21}},"259":{"start":{"line":668,"column":4},"end":{"line":670,"column":5}},"260":{"start":{"line":669,"column":6},"end":{"line":669,"column":57}},"261":{"start":{"line":672,"column":23},"end":{"line":672,"column":45}},"262":{"start":{"line":673,"column":4},"end":{"line":675,"column":5}},"263":{"start":{"line":674,"column":6},"end":{"line":674,"column":24}},"264":{"start":{"line":678,"column":4},"end":{"line":680,"column":5}},"265":{"start":{"line":679,"column":6},"end":{"line":679,"column":57}},"266":{"start":{"line":684,"column":27},"end":{"line":694,"column":6}},"267":{"start":{"line":685,"column":6},"end":{"line":690,"column":7}},"268":{"start":{"line":686,"column":8},"end":{"line":686,"column":48}},"269":{"start":{"line":689,"column":8},"end":{"line":689,"column":53}},"270":{"start":{"line":691,"column":6},"end":{"line":691,"column":23}},"271":{"start":{"line":693,"column":6},"end":{"line":693,"column":39}},"272":{"start":{"line":697,"column":4},"end":{"line":702,"column":5}},"273":{"start":{"line":698,"column":6},"end":{"line":698,"column":52}},"274":{"start":{"line":699,"column":6},"end":{"line":699,"column":28}},"275":{"start":{"line":701,"column":6},"end":{"line":701,"column":57}},"276":{"start":{"line":326,"column":0},"end":{"line":326,"column":13}}},"fnMap":{"0":{"name":"(anonymous_0)","decl":{"start":{"line":22,"column":2},"end":{"line":22,"column":14}},"loc":{"start":{"line":22,"column":36},"end":{"line":24,"column":3}}},"1":{"name":"(anonymous_1)","decl":{"start":{"line":26,"column":2},"end":{"line":26,"column":7}},"loc":{"start":{"line":26,"column":26},"end":{"line":41,"column":3}}},"2":{"name":"(anonymous_2)","decl":{"start":{"line":43,"column":2},"end":{"line":43,"column":7}},"loc":{"start":{"line":43,"column":48},"end":{"line":50,"column":3}}},"3":{"name":"(anonymous_3)","decl":{"start":{"line":52,"column":2},"end":{"line":52,"column":7}},"loc":{"start":{"line":52,"column":26},"end":{"line":54,"column":3}}},"4":{"name":"(anonymous_4)","decl":{"start":{"line":56,"column":2},"end":{"line":56,"column":7}},"loc":{"start":{"line":56,"column":13},"end":{"line":58,"column":3}}},"5":{"name":"(anonymous_5)","decl":{"start":{"line":60,"column":2},"end":{"line":60,"column":7}},"loc":{"start":{"line":60,"column":12},"end":{"line":62,"column":3}}},"6":{"name":"(anonymous_6)","decl":{"start":{"line":64,"column":2},"end":{"line":64,"column":7}},"loc":{"start":{"line":64,"column":12},"end":{"line":66,"column":3}}},"7":{"name":"(anonymous_7)","decl":{"start":{"line":68,"column":10},"end":{"line":68,"column":15}},"loc":{"start":{"line":68,"column":27},"end":{"line":82,"column":3}}},"8":{"name":"(anonymous_8)","decl":{"start":{"line":93,"column":2},"end":{"line":93,"column":14}},"loc":{"start":{"line":93,"column":90},"end":{"line":97,"column":3}}},"9":{"name":"(anonymous_9)","decl":{"start":{"line":99,"column":2},"end":{"line":99,"column":7}},"loc":{"start":{"line":99,"column":26},"end":{"line":126,"column":3}}},"10":{"name":"(anonymous_10)","decl":{"start":{"line":128,"column":2},"end":{"line":128,"column":7}},"loc":{"start":{"line":128,"column":48},"end":{"line":144,"column":3}}},"11":{"name":"(anonymous_11)","decl":{"start":{"line":146,"column":2},"end":{"line":146,"column":7}},"loc":{"start":{"line":146,"column":26},"end":{"line":152,"column":3}}},"12":{"name":"(anonymous_12)","decl":{"start":{"line":154,"column":2},"end":{"line":154,"column":7}},"loc":{"start":{"line":154,"column":13},"end":{"line":161,"column":3}}},"13":{"name":"(anonymous_13)","decl":{"start":{"line":160,"column":17},"end":{"line":160,"column":20}},"loc":{"start":{"line":160,"column":24},"end":{"line":160,"column":69}}},"14":{"name":"(anonymous_14)","decl":{"start":{"line":163,"column":2},"end":{"line":163,"column":7}},"loc":{"start":{"line":163,"column":12},"end":{"line":176,"column":3}}},"15":{"name":"(anonymous_15)","decl":{"start":{"line":178,"column":2},"end":{"line":178,"column":7}},"loc":{"start":{"line":178,"column":12},"end":{"line":180,"column":3}}},"16":{"name":"(anonymous_16)","decl":{"start":{"line":182,"column":12},"end":{"line":182,"column":17}},"loc":{"start":{"line":182,"column":29},"end":{"line":206,"column":3}}},"17":{"name":"(anonymous_17)","decl":{"start":{"line":213,"column":2},"end":{"line":213,"column":7}},"loc":{"start":{"line":213,"column":26},"end":{"line":240,"column":3}}},"18":{"name":"(anonymous_18)","decl":{"start":{"line":242,"column":2},"end":{"line":242,"column":7}},"loc":{"start":{"line":242,"column":48},"end":{"line":258,"column":3}}},"19":{"name":"(anonymous_19)","decl":{"start":{"line":260,"column":2},"end":{"line":260,"column":7}},"loc":{"start":{"line":260,"column":26},"end":{"line":266,"column":3}}},"20":{"name":"(anonymous_20)","decl":{"start":{"line":268,"column":2},"end":{"line":268,"column":7}},"loc":{"start":{"line":268,"column":13},"end":{"line":275,"column":3}}},"21":{"name":"(anonymous_21)","decl":{"start":{"line":274,"column":17},"end":{"line":274,"column":20}},"loc":{"start":{"line":274,"column":24},"end":{"line":274,"column":71}}},"22":{"name":"(anonymous_22)","decl":{"start":{"line":277,"column":2},"end":{"line":277,"column":7}},"loc":{"start":{"line":277,"column":12},"end":{"line":290,"column":3}}},"23":{"name":"(anonymous_23)","decl":{"start":{"line":292,"column":2},"end":{"line":292,"column":7}},"loc":{"start":{"line":292,"column":12},"end":{"line":294,"column":3}}},"24":{"name":"(anonymous_24)","decl":{"start":{"line":296,"column":12},"end":{"line":296,"column":17}},"loc":{"start":{"line":296,"column":29},"end":{"line":320,"column":3}}},"25":{"name":"(anonymous_25)","decl":{"start":{"line":335,"column":2},"end":{"line":335,"column":14}},"loc":{"start":{"line":335,"column":65},"end":{"line":362,"column":3}}},"26":{"name":"(anonymous_26)","decl":{"start":{"line":364,"column":10},"end":{"line":364,"column":23}},"loc":{"start":{"line":364,"column":23},"end":{"line":373,"column":3}}},"27":{"name":"(anonymous_27)","decl":{"start":{"line":378,"column":2},"end":{"line":378,"column":13}},"loc":{"start":{"line":378,"column":32},"end":{"line":395,"column":3}}},"28":{"name":"(anonymous_28)","decl":{"start":{"line":385,"column":13},"end":{"line":385,"column":16}},"loc":{"start":{"line":385,"column":20},"end":{"line":385,"column":59}}},"29":{"name":"(anonymous_29)","decl":{"start":{"line":400,"column":2},"end":{"line":400,"column":7}},"loc":{"start":{"line":400,"column":26},"end":{"line":422,"column":3}}},"30":{"name":"(anonymous_30)","decl":{"start":{"line":427,"column":2},"end":{"line":427,"column":7}},"loc":{"start":{"line":427,"column":63},"end":{"line":458,"column":3}}},"31":{"name":"(anonymous_31)","decl":{"start":{"line":463,"column":2},"end":{"line":463,"column":7}},"loc":{"start":{"line":463,"column":26},"end":{"line":467,"column":3}}},"32":{"name":"(anonymous_32)","decl":{"start":{"line":472,"column":2},"end":{"line":472,"column":7}},"loc":{"start":{"line":472,"column":13},"end":{"line":482,"column":3}}},"33":{"name":"(anonymous_33)","decl":{"start":{"line":487,"column":2},"end":{"line":487,"column":10}},"loc":{"start":{"line":487,"column":10},"end":{"line":492,"column":3}}},"34":{"name":"(anonymous_34)","decl":{"start":{"line":497,"column":2},"end":{"line":497,"column":14}},"loc":{"start":{"line":497,"column":46},"end":{"line":506,"column":3}}},"35":{"name":"(anonymous_35)","decl":{"start":{"line":511,"column":2},"end":{"line":511,"column":11}},"loc":{"start":{"line":511,"column":11},"end":{"line":513,"column":3}}},"36":{"name":"(anonymous_36)","decl":{"start":{"line":518,"column":2},"end":{"line":518,"column":18}},"loc":{"start":{"line":518,"column":47},"end":{"line":520,"column":3}}},"37":{"name":"(anonymous_37)","decl":{"start":{"line":525,"column":2},"end":{"line":525,"column":21}},"loc":{"start":{"line":525,"column":50},"end":{"line":530,"column":3}}},"38":{"name":"(anonymous_38)","decl":{"start":{"line":535,"column":10},"end":{"line":535,"column":33}},"loc":{"start":{"line":535,"column":51},"end":{"line":539,"column":3}}},"39":{"name":"(anonymous_39)","decl":{"start":{"line":544,"column":10},"end":{"line":544,"column":23}},"loc":{"start":{"line":544,"column":37},"end":{"line":550,"column":3}}},"40":{"name":"(anonymous_40)","decl":{"start":{"line":555,"column":10},"end":{"line":555,"column":15}},"loc":{"start":{"line":555,"column":27},"end":{"line":571,"column":3}}},"41":{"name":"(anonymous_41)","decl":{"start":{"line":576,"column":10},"end":{"line":576,"column":19}},"loc":{"start":{"line":576,"column":89},"end":{"line":591,"column":3}}},"42":{"name":"(anonymous_42)","decl":{"start":{"line":584,"column":32},"end":{"line":584,"column":40}},"loc":{"start":{"line":584,"column":43},"end":{"line":590,"column":5}}},"43":{"name":"(anonymous_43)","decl":{"start":{"line":596,"column":2},"end":{"line":596,"column":7}},"loc":{"start":{"line":596,"column":75},"end":{"line":615,"column":3}}},"44":{"name":"(anonymous_44)","decl":{"start":{"line":602,"column":28},"end":{"line":602,"column":33}},"loc":{"start":{"line":602,"column":39},"end":{"line":612,"column":5}}},"45":{"name":"(anonymous_45)","decl":{"start":{"line":620,"column":2},"end":{"line":620,"column":7}},"loc":{"start":{"line":620,"column":86},"end":{"line":626,"column":3}}},"46":{"name":"(anonymous_46)","decl":{"start":{"line":631,"column":2},"end":{"line":631,"column":7}},"loc":{"start":{"line":634,"column":30},"end":{"line":657,"column":3}}},"47":{"name":"(anonymous_47)","decl":{"start":{"line":662,"column":2},"end":{"line":662,"column":7}},"loc":{"start":{"line":665,"column":30},"end":{"line":703,"column":3}}},"48":{"name":"(anonymous_48)","decl":{"start":{"line":684,"column":42},"end":{"line":684,"column":47}},"loc":{"start":{"line":684,"column":62},"end":{"line":692,"column":5}}},"49":{"name":"(anonymous_49)","decl":{"start":{"line":692,"column":15},"end":{"line":692,"column":18}},"loc":{"start":{"line":692,"column":20},"end":{"line":694,"column":5}}}},"branchMap":{"0":{"loc":{"start":{"line":22,"column":14},"end":{"line":22,"column":36}},"type":"default-arg","locations":[{"start":{"line":22,"column":32},"end":{"line":22,"column":36}}]},"1":{"loc":{"start":{"line":28,"column":4},"end":{"line":28,"column":28}},"type":"if","locations":[{"start":{"line":28,"column":4},"end":{"line":28,"column":28}}]},"2":{"loc":{"start":{"line":31,"column":4},"end":{"line":34,"column":5}},"type":"if","locations":[{"start":{"line":31,"column":4},"end":{"line":34,"column":5}}]},"3":{"loc":{"start":{"line":45,"column":4},"end":{"line":47,"column":5}},"type":"if","locations":[{"start":{"line":45,"column":4},"end":{"line":47,"column":5}}]},"4":{"loc":{"start":{"line":45,"column":8},"end":{"line":45,"column":63}},"type":"binary-expr","locations":[{"start":{"line":45,"column":8},"end":{"line":45,"column":39}},{"start":{"line":45,"column":43},"end":{"line":45,"column":63}}]},"5":{"loc":{"start":{"line":73,"column":6},"end":{"line":76,"column":7}},"type":"if","locations":[{"start":{"line":73,"column":6},"end":{"line":76,"column":7}}]},"6":{"loc":{"start":{"line":79,"column":4},"end":{"line":81,"column":5}},"type":"if","locations":[{"start":{"line":79,"column":4},"end":{"line":81,"column":5}}]},"7":{"loc":{"start":{"line":93,"column":14},"end":{"line":93,"column":49}},"type":"default-arg","locations":[{"start":{"line":93,"column":34},"end":{"line":93,"column":49}}]},"8":{"loc":{"start":{"line":93,"column":51},"end":{"line":93,"column":72}},"type":"default-arg","locations":[{"start":{"line":93,"column":69},"end":{"line":93,"column":72}}]},"9":{"loc":{"start":{"line":96,"column":18},"end":{"line":96,"column":61}},"type":"binary-expr","locations":[{"start":{"line":96,"column":18},"end":{"line":96,"column":24}},{"start":{"line":96,"column":28},"end":{"line":96,"column":61}}]},"10":{"loc":{"start":{"line":100,"column":4},"end":{"line":102,"column":5}},"type":"if","locations":[{"start":{"line":100,"column":4},"end":{"line":102,"column":5}}]},"11":{"loc":{"start":{"line":100,"column":8},"end":{"line":100,"column":61}},"type":"binary-expr","locations":[{"start":{"line":100,"column":8},"end":{"line":100,"column":37}},{"start":{"line":100,"column":41},"end":{"line":100,"column":61}}]},"12":{"loc":{"start":{"line":106,"column":6},"end":{"line":106,"column":31}},"type":"if","locations":[{"start":{"line":106,"column":6},"end":{"line":106,"column":31}}]},"13":{"loc":{"start":{"line":111,"column":6},"end":{"line":114,"column":7}},"type":"if","locations":[{"start":{"line":111,"column":6},"end":{"line":114,"column":7}}]},"14":{"loc":{"start":{"line":129,"column":4},"end":{"line":131,"column":5}},"type":"if","locations":[{"start":{"line":129,"column":4},"end":{"line":131,"column":5}}]},"15":{"loc":{"start":{"line":129,"column":8},"end":{"line":129,"column":61}},"type":"binary-expr","locations":[{"start":{"line":129,"column":8},"end":{"line":129,"column":37}},{"start":{"line":129,"column":41},"end":{"line":129,"column":61}}]},"16":{"loc":{"start":{"line":136,"column":6},"end":{"line":138,"column":7}},"type":"if","locations":[{"start":{"line":136,"column":6},"end":{"line":138,"column":7}}]},"17":{"loc":{"start":{"line":136,"column":10},"end":{"line":136,"column":74}},"type":"binary-expr","locations":[{"start":{"line":136,"column":10},"end":{"line":136,"column":44}},{"start":{"line":136,"column":48},"end":{"line":136,"column":74}}]},"18":{"loc":{"start":{"line":147,"column":4},"end":{"line":149,"column":5}},"type":"if","locations":[{"start":{"line":147,"column":4},"end":{"line":149,"column":5}}]},"19":{"loc":{"start":{"line":147,"column":8},"end":{"line":147,"column":61}},"type":"binary-expr","locations":[{"start":{"line":147,"column":8},"end":{"line":147,"column":37}},{"start":{"line":147,"column":41},"end":{"line":147,"column":61}}]},"20":{"loc":{"start":{"line":155,"column":4},"end":{"line":157,"column":5}},"type":"if","locations":[{"start":{"line":155,"column":4},"end":{"line":157,"column":5}}]},"21":{"loc":{"start":{"line":155,"column":8},"end":{"line":155,"column":61}},"type":"binary-expr","locations":[{"start":{"line":155,"column":8},"end":{"line":155,"column":37}},{"start":{"line":155,"column":41},"end":{"line":155,"column":61}}]},"22":{"loc":{"start":{"line":164,"column":4},"end":{"line":166,"column":5}},"type":"if","locations":[{"start":{"line":164,"column":4},"end":{"line":166,"column":5}}]},"23":{"loc":{"start":{"line":164,"column":8},"end":{"line":164,"column":61}},"type":"binary-expr","locations":[{"start":{"line":164,"column":8},"end":{"line":164,"column":37}},{"start":{"line":164,"column":41},"end":{"line":164,"column":61}}]},"24":{"loc":{"start":{"line":171,"column":6},"end":{"line":173,"column":7}},"type":"if","locations":[{"start":{"line":171,"column":6},"end":{"line":173,"column":7}}]},"25":{"loc":{"start":{"line":171,"column":10},"end":{"line":171,"column":47}},"type":"binary-expr","locations":[{"start":{"line":171,"column":10},"end":{"line":171,"column":13}},{"start":{"line":171,"column":17},"end":{"line":171,"column":47}}]},"26":{"loc":{"start":{"line":190,"column":8},"end":{"line":196,"column":9}},"type":"if","locations":[{"start":{"line":190,"column":8},"end":{"line":196,"column":9}}]},"27":{"loc":{"start":{"line":192,"column":10},"end":{"line":195,"column":11}},"type":"if","locations":[{"start":{"line":192,"column":10},"end":{"line":195,"column":11}}]},"28":{"loc":{"start":{"line":203,"column":4},"end":{"line":205,"column":5}},"type":"if","locations":[{"start":{"line":203,"column":4},"end":{"line":205,"column":5}}]},"29":{"loc":{"start":{"line":214,"column":4},"end":{"line":216,"column":5}},"type":"if","locations":[{"start":{"line":214,"column":4},"end":{"line":216,"column":5}}]},"30":{"loc":{"start":{"line":214,"column":8},"end":{"line":214,"column":63}},"type":"binary-expr","locations":[{"start":{"line":214,"column":8},"end":{"line":214,"column":37}},{"start":{"line":214,"column":41},"end":{"line":214,"column":63}}]},"31":{"loc":{"start":{"line":220,"column":6},"end":{"line":220,"column":31}},"type":"if","locations":[{"start":{"line":220,"column":6},"end":{"line":220,"column":31}}]},"32":{"loc":{"start":{"line":225,"column":6},"end":{"line":228,"column":7}},"type":"if","locations":[{"start":{"line":225,"column":6},"end":{"line":228,"column":7}}]},"33":{"loc":{"start":{"line":243,"column":4},"end":{"line":245,"column":5}},"type":"if","locations":[{"start":{"line":243,"column":4},"end":{"line":245,"column":5}}]},"34":{"loc":{"start":{"line":243,"column":8},"end":{"line":243,"column":63}},"type":"binary-expr","locations":[{"start":{"line":243,"column":8},"end":{"line":243,"column":37}},{"start":{"line":243,"column":41},"end":{"line":243,"column":63}}]},"35":{"loc":{"start":{"line":250,"column":6},"end":{"line":252,"column":7}},"type":"if","locations":[{"start":{"line":250,"column":6},"end":{"line":252,"column":7}}]},"36":{"loc":{"start":{"line":250,"column":10},"end":{"line":250,"column":74}},"type":"binary-expr","locations":[{"start":{"line":250,"column":10},"end":{"line":250,"column":44}},{"start":{"line":250,"column":48},"end":{"line":250,"column":74}}]},"37":{"loc":{"start":{"line":261,"column":4},"end":{"line":263,"column":5}},"type":"if","locations":[{"start":{"line":261,"column":4},"end":{"line":263,"column":5}}]},"38":{"loc":{"start":{"line":261,"column":8},"end":{"line":261,"column":63}},"type":"binary-expr","locations":[{"start":{"line":261,"column":8},"end":{"line":261,"column":37}},{"start":{"line":261,"column":41},"end":{"line":261,"column":63}}]},"39":{"loc":{"start":{"line":269,"column":4},"end":{"line":271,"column":5}},"type":"if","locations":[{"start":{"line":269,"column":4},"end":{"line":271,"column":5}}]},"40":{"loc":{"start":{"line":269,"column":8},"end":{"line":269,"column":63}},"type":"binary-expr","locations":[{"start":{"line":269,"column":8},"end":{"line":269,"column":37}},{"start":{"line":269,"column":41},"end":{"line":269,"column":63}}]},"41":{"loc":{"start":{"line":278,"column":4},"end":{"line":280,"column":5}},"type":"if","locations":[{"start":{"line":278,"column":4},"end":{"line":280,"column":5}}]},"42":{"loc":{"start":{"line":278,"column":8},"end":{"line":278,"column":63}},"type":"binary-expr","locations":[{"start":{"line":278,"column":8},"end":{"line":278,"column":37}},{"start":{"line":278,"column":41},"end":{"line":278,"column":63}}]},"43":{"loc":{"start":{"line":285,"column":6},"end":{"line":287,"column":7}},"type":"if","locations":[{"start":{"line":285,"column":6},"end":{"line":287,"column":7}}]},"44":{"loc":{"start":{"line":285,"column":10},"end":{"line":285,"column":47}},"type":"binary-expr","locations":[{"start":{"line":285,"column":10},"end":{"line":285,"column":13}},{"start":{"line":285,"column":17},"end":{"line":285,"column":47}}]},"45":{"loc":{"start":{"line":304,"column":8},"end":{"line":310,"column":9}},"type":"if","locations":[{"start":{"line":304,"column":8},"end":{"line":310,"column":9}}]},"46":{"loc":{"start":{"line":306,"column":10},"end":{"line":309,"column":11}},"type":"if","locations":[{"start":{"line":306,"column":10},"end":{"line":309,"column":11}}]},"47":{"loc":{"start":{"line":317,"column":4},"end":{"line":319,"column":5}},"type":"if","locations":[{"start":{"line":317,"column":4},"end":{"line":319,"column":5}}]},"48":{"loc":{"start":{"line":335,"column":14},"end":{"line":335,"column":47}},"type":"default-arg","locations":[{"start":{"line":335,"column":45},"end":{"line":335,"column":47}}]},"49":{"loc":{"start":{"line":336,"column":18},"end":{"line":336,"column":61}},"type":"binary-expr","locations":[{"start":{"line":336,"column":18},"end":{"line":336,"column":24}},{"start":{"line":336,"column":28},"end":{"line":336,"column":61}}]},"50":{"loc":{"start":{"line":365,"column":4},"end":{"line":372,"column":5}},"type":"switch","locations":[{"start":{"line":366,"column":6},"end":{"line":367,"column":101}},{"start":{"line":368,"column":6},"end":{"line":369,"column":103}},{"start":{"line":370,"column":6},"end":{"line":371,"column":59}}]},"51":{"loc":{"start":{"line":382,"column":4},"end":{"line":388,"column":5}},"type":"if","locations":[{"start":{"line":382,"column":4},"end":{"line":388,"column":5}}]},"52":{"loc":{"start":{"line":382,"column":8},"end":{"line":382,"column":48}},"type":"binary-expr","locations":[{"start":{"line":382,"column":8},"end":{"line":382,"column":14}},{"start":{"line":382,"column":18},"end":{"line":382,"column":48}}]},"53":{"loc":{"start":{"line":390,"column":4},"end":{"line":392,"column":5}},"type":"if","locations":[{"start":{"line":390,"column":4},"end":{"line":392,"column":5}}]},"54":{"loc":{"start":{"line":401,"column":4},"end":{"line":401,"column":42}},"type":"if","locations":[{"start":{"line":401,"column":4},"end":{"line":401,"column":42}}]},"55":{"loc":{"start":{"line":407,"column":4},"end":{"line":421,"column":5}},"type":"if","locations":[{"start":{"line":407,"column":4},"end":{"line":421,"column":5}},{"start":{"line":417,"column":11},"end":{"line":421,"column":5}}]},"56":{"loc":{"start":{"line":412,"column":6},"end":{"line":414,"column":7}},"type":"if","locations":[{"start":{"line":412,"column":6},"end":{"line":414,"column":7}}]},"57":{"loc":{"start":{"line":412,"column":10},"end":{"line":412,"column":78}},"type":"binary-expr","locations":[{"start":{"line":412,"column":10},"end":{"line":412,"column":39}},{"start":{"line":412,"column":43},"end":{"line":412,"column":78}}]},"58":{"loc":{"start":{"line":427,"column":37},"end":{"line":427,"column":63}},"type":"default-arg","locations":[{"start":{"line":427,"column":61},"end":{"line":427,"column":63}}]},"59":{"loc":{"start":{"line":428,"column":4},"end":{"line":428,"column":37}},"type":"if","locations":[{"start":{"line":428,"column":4},"end":{"line":428,"column":37}}]},"60":{"loc":{"start":{"line":431,"column":18},"end":{"line":431,"column":55}},"type":"binary-expr","locations":[{"start":{"line":431,"column":18},"end":{"line":431,"column":29}},{"start":{"line":431,"column":33},"end":{"line":431,"column":55}}]},"61":{"loc":{"start":{"line":454,"column":15},"end":{"line":454,"column":71}},"type":"cond-expr","locations":[{"start":{"line":454,"column":40},"end":{"line":454,"column":53}},{"start":{"line":454,"column":56},"end":{"line":454,"column":71}}]},"62":{"loc":{"start":{"line":488,"column":25},"end":{"line":490,"column":9}},"type":"cond-expr","locations":[{"start":{"line":489,"column":8},"end":{"line":489,"column":50}},{"start":{"line":490,"column":8},"end":{"line":490,"column":9}}]},"63":{"loc":{"start":{"line":502,"column":4},"end":{"line":505,"column":5}},"type":"if","locations":[{"start":{"line":502,"column":4},"end":{"line":505,"column":5}}]},"64":{"loc":{"start":{"line":527,"column":4},"end":{"line":529,"column":5}},"type":"if","locations":[{"start":{"line":527,"column":4},"end":{"line":529,"column":5}}]},"65":{"loc":{"start":{"line":564,"column":6},"end":{"line":566,"column":7}},"type":"if","locations":[{"start":{"line":564,"column":6},"end":{"line":566,"column":7}}]},"66":{"loc":{"start":{"line":598,"column":4},"end":{"line":600,"column":5}},"type":"if","locations":[{"start":{"line":598,"column":4},"end":{"line":600,"column":5}}]},"67":{"loc":{"start":{"line":620,"column":60},"end":{"line":620,"column":86}},"type":"default-arg","locations":[{"start":{"line":620,"column":84},"end":{"line":620,"column":86}}]},"68":{"loc":{"start":{"line":622,"column":4},"end":{"line":625,"column":5}},"type":"if","locations":[{"start":{"line":622,"column":4},"end":{"line":625,"column":5}}]},"69":{"loc":{"start":{"line":622,"column":8},"end":{"line":622,"column":43}},"type":"binary-expr","locations":[{"start":{"line":622,"column":8},"end":{"line":622,"column":19}},{"start":{"line":622,"column":23},"end":{"line":622,"column":43}}]},"70":{"loc":{"start":{"line":634,"column":4},"end":{"line":634,"column":30}},"type":"default-arg","locations":[{"start":{"line":634,"column":28},"end":{"line":634,"column":30}}]},"71":{"loc":{"start":{"line":636,"column":4},"end":{"line":641,"column":5}},"type":"if","locations":[{"start":{"line":636,"column":4},"end":{"line":641,"column":5}}]},"72":{"loc":{"start":{"line":645,"column":4},"end":{"line":652,"column":5}},"type":"if","locations":[{"start":{"line":645,"column":4},"end":{"line":652,"column":5}}]},"73":{"loc":{"start":{"line":648,"column":6},"end":{"line":650,"column":7}},"type":"if","locations":[{"start":{"line":648,"column":6},"end":{"line":650,"column":7}}]},"74":{"loc":{"start":{"line":648,"column":10},"end":{"line":648,"column":54}},"type":"binary-expr","locations":[{"start":{"line":648,"column":10},"end":{"line":648,"column":15}},{"start":{"line":648,"column":19},"end":{"line":648,"column":54}}]},"75":{"loc":{"start":{"line":665,"column":4},"end":{"line":665,"column":30}},"type":"default-arg","locations":[{"start":{"line":665,"column":28},"end":{"line":665,"column":30}}]},"76":{"loc":{"start":{"line":668,"column":4},"end":{"line":670,"column":5}},"type":"if","locations":[{"start":{"line":668,"column":4},"end":{"line":670,"column":5}}]},"77":{"loc":{"start":{"line":673,"column":4},"end":{"line":675,"column":5}},"type":"if","locations":[{"start":{"line":673,"column":4},"end":{"line":675,"column":5}}]},"78":{"loc":{"start":{"line":673,"column":8},"end":{"line":673,"column":43}},"type":"binary-expr","locations":[{"start":{"line":673,"column":8},"end":{"line":673,"column":18}},{"start":{"line":673,"column":22},"end":{"line":673,"column":43}}]},"79":{"loc":{"start":{"line":678,"column":4},"end":{"line":680,"column":5}},"type":"if","locations":[{"start":{"line":678,"column":4},"end":{"line":680,"column":5}}]},"80":{"loc":{"start":{"line":697,"column":4},"end":{"line":702,"column":5}},"type":"if","locations":[{"start":{"line":697,"column":4},"end":{"line":702,"column":5}},{"start":{"line":700,"column":11},"end":{"line":702,"column":5}}]}},"s":{"0":6,"1":91,"2":91,"3":188,"4":188,"5":107,"6":81,"7":2,"8":2,"9":79,"10":79,"11":79,"12":55,"13":1,"14":55,"15":1,"16":4,"17":49,"18":53,"19":1,"20":1,"21":1,"22":3,"23":1,"24":1,"25":1,"26":1,"27":6,"28":2,"29":2,"30":2,"31":1,"32":0,"33":1,"34":1,"35":1,"36":1,"37":0,"38":0,"39":0,"40":0,"41":0,"42":0,"43":0,"44":0,"45":0,"46":0,"47":1,"48":0,"49":1,"50":1,"51":1,"52":0,"53":1,"54":0,"55":0,"56":0,"57":0,"58":0,"59":0,"60":0,"61":0,"62":0,"63":1,"64":0,"65":1,"66":1,"67":1,"68":0,"69":0,"70":0,"71":1,"72":0,"73":0,"74":0,"75":0,"76":0,"77":0,"78":0,"79":0,"80":0,"81":0,"82":0,"83":0,"84":0,"85":0,"86":0,"87":6,"88":1,"89":0,"90":1,"91":1,"92":1,"93":1,"94":0,"95":0,"96":0,"97":0,"98":0,"99":0,"100":0,"101":0,"102":0,"103":0,"104":1,"105":0,"106":1,"107":1,"108":1,"109":0,"110":1,"111":0,"112":0,"113":0,"114":0,"115":0,"116":0,"117":0,"118":0,"119":0,"120":1,"121":0,"122":1,"123":1,"124":1,"125":0,"126":0,"127":0,"128":1,"129":0,"130":0,"131":0,"132":0,"133":0,"134":0,"135":0,"136":0,"137":0,"138":0,"139":0,"140":0,"141":0,"142":0,"143":0,"144":6,"145":87,"146":87,"147":87,"148":87,"149":87,"150":87,"151":87,"152":87,"153":0,"154":0,"155":87,"156":218,"157":218,"158":218,"159":2,"160":4,"161":2,"162":218,"163":6,"164":218,"165":132,"166":3,"167":129,"168":129,"169":129,"170":22,"171":22,"172":22,"173":1,"174":22,"175":107,"176":107,"177":107,"178":51,"179":3,"180":48,"181":48,"182":48,"183":48,"184":48,"185":48,"186":48,"187":0,"188":0,"189":1,"190":1,"191":1,"192":3,"193":3,"194":3,"195":3,"196":3,"197":3,"198":3,"199":3,"200":3,"201":6,"202":6,"203":4,"204":4,"205":4,"206":0,"207":0,"208":2,"209":88,"210":1,"211":1,"212":1,"213":25,"214":25,"215":25,"216":48,"217":48,"218":0,"219":49,"220":49,"221":49,"222":49,"223":52,"224":52,"225":52,"226":49,"227":49,"228":182,"229":182,"230":178,"231":178,"232":0,"233":1,"234":0,"235":1,"236":1,"237":1,"238":1,"239":1,"240":0,"241":1,"242":1,"243":5,"244":5,"245":4,"246":4,"247":7,"248":1,"249":1,"250":1,"251":6,"252":6,"253":3,"254":3,"255":1,"256":3,"257":3,"258":3,"259":88,"260":0,"261":88,"262":88,"263":11,"264":77,"265":4,"266":73,"267":41,"268":41,"269":1,"270":41,"271":73,"272":73,"273":73,"274":73,"275":0,"276":6},"f":{"0":91,"1":188,"2":55,"3":1,"4":4,"5":49,"6":53,"7":1,"8":2,"9":1,"10":1,"11":0,"12":0,"13":0,"14":1,"15":0,"16":0,"17":1,"18":1,"19":0,"20":0,"21":0,"22":1,"23":0,"24":0,"25":87,"26":87,"27":218,"28":4,"29":132,"30":51,"31":1,"32":3,"33":6,"34":4,"35":2,"36":88,"37":1,"38":25,"39":48,"40":49,"41":182,"42":178,"43":1,"44":1,"45":5,"46":7,"47":88,"48":41,"49":73},"b":{"0":[0],"1":[107],"2":[2],"3":[1],"4":[55,1],"5":[1],"6":[1],"7":[0],"8":[0],"9":[2,2],"10":[0],"11":[1,1],"12":[1],"13":[0],"14":[0],"15":[1,1],"16":[0],"17":[1,0],"18":[0],"19":[0,0],"20":[0],"21":[0,0],"22":[0],"23":[1,1],"24":[0],"25":[0,0],"26":[0],"27":[0],"28":[0],"29":[0],"30":[1,1],"31":[1],"32":[0],"33":[0],"34":[1,1],"35":[0],"36":[1,0],"37":[0],"38":[0,0],"39":[0],"40":[0,0],"41":[0],"42":[1,1],"43":[0],"44":[0,0],"45":[0],"46":[0],"47":[0],"48":[76],"49":[87,11],"50":[0,0,87],"51":[2],"52":[218,116],"53":[6],"54":[3],"55":[22,107],"56":[1],"57":[22,22],"58":[6],"59":[3],"60":[48,47],"61":[0,0],"62":[4,2],"63":[0],"64":[1],"65":[52],"66":[0],"67":[2],"68":[4],"69":[5,1],"70":[5],"71":[1],"72":[3],"73":[1],"74":[3,3],"75":[0],"76":[0],"77":[11],"78":[88,12],"79":[4],"80":[73,0]}}
,"C:\\Users\\Chris\\Desktop\\APIcl\\client-library-2\\src\\client.ts": {"path":"C:\\Users\\Chris\\Desktop\\APIcl\\client-library-2\\src\\client.ts","statementMap":{"0":{"start":{"line":1,"column":0},"end":{"line":1,"column":100}},"1":{"start":{"line":2,"column":0},"end":{"line":2,"column":null}},"2":{"start":{"line":30,"column":0},"end":{"line":30,"column":39}},"3":{"start":{"line":31,"column":0},"end":{"line":31,"column":40}},"4":{"start":{"line":32,"column":0},"end":{"line":32,"column":null}},"5":{"start":{"line":40,"column":0},"end":{"line":40,"column":null}},"6":{"start":{"line":47,"column":0},"end":{"line":47,"column":null}},"7":{"start":{"line":56,"column":22},"end":{"line":56,"column":60}},"8":{"start":{"line":68,"column":10},"end":{"line":68,"column":57}},"9":{"start":{"line":69,"column":10},"end":{"line":69,"column":59}},"10":{"start":{"line":70,"column":10},"end":{"line":70,"column":69}},"11":{"start":{"line":80,"column":4},"end":{"line":86,"column":7}},"12":{"start":{"line":88,"column":4},"end":{"line":88,"column":53}},"13":{"start":{"line":89,"column":4},"end":{"line":89,"column":75}},"14":{"start":{"line":90,"column":4},"end":{"line":90,"column":80}},"15":{"start":{"line":91,"column":4},"end":{"line":91,"column":82}},"16":{"start":{"line":92,"column":4},"end":{"line":92,"column":86}},"17":{"start":{"line":93,"column":4},"end":{"line":93,"column":88}},"18":{"start":{"line":94,"column":4},"end":{"line":94,"column":104}},"19":{"start":{"line":95,"column":4},"end":{"line":95,"column":36}},"20":{"start":{"line":96,"column":4},"end":{"line":96,"column":36}},"21":{"start":{"line":97,"column":4},"end":{"line":97,"column":41}},"22":{"start":{"line":102,"column":4},"end":{"line":110,"column":7}},"23":{"start":{"line":103,"column":27},"end":{"line":103,"column":57}},"24":{"start":{"line":105,"column":6},"end":{"line":107,"column":7}},"25":{"start":{"line":106,"column":8},"end":{"line":106,"column":76}},"26":{"start":{"line":109,"column":6},"end":{"line":109,"column":58}},"27":{"start":{"line":113,"column":4},"end":{"line":150,"column":6}},"28":{"start":{"line":115,"column":45},"end":{"line":121,"column":10}},"29":{"start":{"line":123,"column":8},"end":{"line":125,"column":9}},"30":{"start":{"line":124,"column":10},"end":{"line":124,"column":82}},"31":{"start":{"line":127,"column":8},"end":{"line":130,"column":10}},"32":{"start":{"line":134,"column":28},"end":{"line":134,"column":33}},"33":{"start":{"line":135,"column":8},"end":{"line":145,"column":9}},"34":{"start":{"line":136,"column":10},"end":{"line":144,"column":11}},"35":{"start":{"line":137,"column":12},"end":{"line":137,"column":78}},"36":{"start":{"line":139,"column":12},"end":{"line":141,"column":13}},"37":{"start":{"line":140,"column":14},"end":{"line":140,"column":35}},"38":{"start":{"line":143,"column":12},"end":{"line":143,"column":45}},"39":{"start":{"line":148,"column":8},"end":{"line":148,"column":28}},"40":{"start":{"line":155,"column":4},"end":{"line":159,"column":7}},"41":{"start":{"line":157,"column":7},"end":{"line":157,"column":80}},"42":{"start":{"line":158,"column":6},"end":{"line":158,"column":20}},"43":{"start":{"line":161,"column":4},"end":{"line":197,"column":6}},"44":{"start":{"line":164,"column":27},"end":{"line":164,"column":110}},"45":{"start":{"line":165,"column":25},"end":{"line":165,"column":47}},"46":{"start":{"line":167,"column":8},"end":{"line":175,"column":11}},"47":{"start":{"line":177,"column":8},"end":{"line":177,"column":24}},"48":{"start":{"line":181,"column":27},"end":{"line":181,"column":46}},"49":{"start":{"line":182,"column":27},"end":{"line":182,"column":112}},"50":{"start":{"line":183,"column":25},"end":{"line":183,"column":47}},"51":{"start":{"line":185,"column":8},"end":{"line":193,"column":11}},"52":{"start":{"line":195,"column":8},"end":{"line":195,"column":20}},"53":{"start":{"line":200,"column":4},"end":{"line":209,"column":7}},"54":{"start":{"line":201,"column":6},"end":{"line":208,"column":7}},"55":{"start":{"line":203,"column":21},"end":{"line":203,"column":57}},"56":{"start":{"line":204,"column":29},"end":{"line":204,"column":66}},"57":{"start":{"line":205,"column":8},"end":{"line":207,"column":9}},"58":{"start":{"line":206,"column":10},"end":{"line":206,"column":55}},"59":{"start":{"line":214,"column":4},"end":{"line":235,"column":7}},"60":{"start":{"line":215,"column":24},"end":{"line":215,"column":86}},"61":{"start":{"line":216,"column":7},"end":{"line":216,"column":79}},"62":{"start":{"line":218,"column":6},"end":{"line":232,"column":9}},"63":{"start":{"line":234,"column":6},"end":{"line":234,"column":20}},"64":{"start":{"line":238,"column":4},"end":{"line":256,"column":7}},"65":{"start":{"line":239,"column":21},"end":{"line":239,"column":98}},"66":{"start":{"line":240,"column":24},"end":{"line":240,"column":53}},"67":{"start":{"line":241,"column":24},"end":{"line":241,"column":54}},"68":{"start":{"line":243,"column":6},"end":{"line":253,"column":9}},"69":{"start":{"line":255,"column":6},"end":{"line":255,"column":22}},"70":{"start":{"line":259,"column":4},"end":{"line":262,"column":7}},"71":{"start":{"line":260,"column":6},"end":{"line":260,"column":55}},"72":{"start":{"line":261,"column":6},"end":{"line":261,"column":20}},"73":{"start":{"line":266,"column":4},"end":{"line":270,"column":5}},"74":{"start":{"line":267,"column":6},"end":{"line":267,"column":41}},"75":{"start":{"line":269,"column":6},"end":{"line":269,"column":15}},"76":{"start":{"line":275,"column":4},"end":{"line":275,"column":47}},"77":{"start":{"line":276,"column":4},"end":{"line":276,"column":47}},"78":{"start":{"line":283,"column":4},"end":{"line":285,"column":5}},"79":{"start":{"line":284,"column":6},"end":{"line":284,"column":50}},"80":{"start":{"line":286,"column":4},"end":{"line":288,"column":5}},"81":{"start":{"line":287,"column":6},"end":{"line":287,"column":54}},"82":{"start":{"line":289,"column":4},"end":{"line":289,"column":97}},"83":{"start":{"line":293,"column":4},"end":{"line":295,"column":5}},"84":{"start":{"line":294,"column":6},"end":{"line":294,"column":48}},"85":{"start":{"line":299,"column":4},"end":{"line":301,"column":5}},"86":{"start":{"line":300,"column":6},"end":{"line":300,"column":49}},"87":{"start":{"line":302,"column":4},"end":{"line":304,"column":5}},"88":{"start":{"line":303,"column":6},"end":{"line":303,"column":54}},"89":{"start":{"line":308,"column":4},"end":{"line":308,"column":34}},"90":{"start":{"line":309,"column":4},"end":{"line":309,"column":35}},"91":{"start":{"line":310,"column":4},"end":{"line":310,"column":40}},"92":{"start":{"line":319,"column":4},"end":{"line":319,"column":48}},"93":{"start":{"line":326,"column":4},"end":{"line":326,"column":43}},"94":{"start":{"line":333,"column":4},"end":{"line":333,"column":41}},"95":{"start":{"line":340,"column":4},"end":{"line":340,"column":40}},"96":{"start":{"line":347,"column":4},"end":{"line":347,"column":37}},"97":{"start":{"line":354,"column":4},"end":{"line":354,"column":41}},"98":{"start":{"line":361,"column":16},"end":{"line":365,"column":6}},"99":{"start":{"line":367,"column":4},"end":{"line":371,"column":6}},"100":{"start":{"line":369,"column":12},"end":{"line":369,"column":69}},"101":{"start":{"line":369,"column":55},"end":{"line":369,"column":68}},"102":{"start":{"line":378,"column":16},"end":{"line":382,"column":6}},"103":{"start":{"line":384,"column":4},"end":{"line":388,"column":6}},"104":{"start":{"line":386,"column":12},"end":{"line":386,"column":79}},"105":{"start":{"line":386,"column":65},"end":{"line":386,"column":78}},"106":{"start":{"line":395,"column":16},"end":{"line":399,"column":6}},"107":{"start":{"line":401,"column":4},"end":{"line":405,"column":6}},"108":{"start":{"line":403,"column":12},"end":{"line":403,"column":88}},"109":{"start":{"line":403,"column":74},"end":{"line":403,"column":87}},"110":{"start":{"line":412,"column":4},"end":{"line":412,"column":49}},"111":{"start":{"line":419,"column":4},"end":{"line":419,"column":52}},"112":{"start":{"line":428,"column":4},"end":{"line":428,"column":46}},"113":{"start":{"line":435,"column":4},"end":{"line":435,"column":49}},"114":{"start":{"line":442,"column":4},"end":{"line":442,"column":44}},"115":{"start":{"line":449,"column":4},"end":{"line":449,"column":51}},"116":{"start":{"line":456,"column":4},"end":{"line":456,"column":46}},"117":{"start":{"line":463,"column":4},"end":{"line":463,"column":55}},"118":{"start":{"line":470,"column":4},"end":{"line":470,"column":58}},"119":{"start":{"line":477,"column":4},"end":{"line":477,"column":49}},"120":{"start":{"line":484,"column":4},"end":{"line":484,"column":48}},"121":{"start":{"line":491,"column":4},"end":{"line":491,"column":36}},"122":{"start":{"line":501,"column":17},"end":{"line":501,"column":53}},"123":{"start":{"line":502,"column":4},"end":{"line":505,"column":6}},"124":{"start":{"line":516,"column":16},"end":{"line":516,"column":55}},"125":{"start":{"line":518,"column":4},"end":{"line":520,"column":5}},"126":{"start":{"line":519,"column":6},"end":{"line":519,"column":67}},"127":{"start":{"line":524,"column":4},"end":{"line":524,"column":71}},"128":{"start":{"line":529,"column":4},"end":{"line":537,"column":7}},"129":{"start":{"line":530,"column":6},"end":{"line":530,"column":44}},"130":{"start":{"line":531,"column":6},"end":{"line":535,"column":7}},"131":{"start":{"line":532,"column":8},"end":{"line":532,"column":57}},"132":{"start":{"line":534,"column":8},"end":{"line":534,"column":44}},"133":{"start":{"line":536,"column":6},"end":{"line":536,"column":20}},"134":{"start":{"line":541,"column":4},"end":{"line":550,"column":5}},"135":{"start":{"line":542,"column":6},"end":{"line":549,"column":9}},"136":{"start":{"line":544,"column":8},"end":{"line":547,"column":11}},"137":{"start":{"line":548,"column":8},"end":{"line":548,"column":22}},"138":{"start":{"line":552,"column":4},"end":{"line":559,"column":5}},"139":{"start":{"line":553,"column":6},"end":{"line":558,"column":9}},"140":{"start":{"line":554,"column":8},"end":{"line":556,"column":11}},"141":{"start":{"line":557,"column":8},"end":{"line":557,"column":24}},"142":{"start":{"line":561,"column":4},"end":{"line":561,"column":14}},"143":{"start":{"line":565,"column":4},"end":{"line":591,"column":6}},"144":{"start":{"line":568,"column":27},"end":{"line":568,"column":46}},"145":{"start":{"line":570,"column":23},"end":{"line":570,"column":47}},"146":{"start":{"line":573,"column":8},"end":{"line":575,"column":9}},"147":{"start":{"line":574,"column":10},"end":{"line":574,"column":22}},"148":{"start":{"line":577,"column":8},"end":{"line":577,"column":61}},"149":{"start":{"line":579,"column":22},"end":{"line":581,"column":35}},"150":{"start":{"line":583,"column":8},"end":{"line":585,"column":9}},"151":{"start":{"line":584,"column":8},"end":{"line":584,"column":113}},"152":{"start":{"line":587,"column":8},"end":{"line":587,"column":65}},"153":{"start":{"line":587,"column":37},"end":{"line":587,"column":63}},"154":{"start":{"line":589,"column":8},"end":{"line":589,"column":43}},"155":{"start":{"line":595,"column":24},"end":{"line":595,"column":45}},"156":{"start":{"line":597,"column":4},"end":{"line":601,"column":7}},"157":{"start":{"line":598,"column":6},"end":{"line":600,"column":7}},"158":{"start":{"line":599,"column":8},"end":{"line":599,"column":50}},"159":{"start":{"line":603,"column":4},"end":{"line":603,"column":34}},"160":{"start":{"line":607,"column":18},"end":{"line":607,"column":71}},"161":{"start":{"line":608,"column":17},"end":{"line":608,"column":35}},"162":{"start":{"line":609,"column":18},"end":{"line":609,"column":38}},"163":{"start":{"line":611,"column":4},"end":{"line":620,"column":6}},"164":{"start":{"line":624,"column":19},"end":{"line":624,"column":41}},"165":{"start":{"line":625,"column":25},"end":{"line":625,"column":45}},"166":{"start":{"line":627,"column":4},"end":{"line":664,"column":5}},"167":{"start":{"line":629,"column":8},"end":{"line":632,"column":9}},"168":{"start":{"line":630,"column":25},"end":{"line":630,"column":63}},"169":{"start":{"line":631,"column":10},"end":{"line":631,"column":60}},"170":{"start":{"line":633,"column":8},"end":{"line":633,"column":74}},"171":{"start":{"line":636,"column":33},"end":{"line":636,"column":75}},"172":{"start":{"line":637,"column":8},"end":{"line":641,"column":10}},"173":{"start":{"line":645,"column":27},"end":{"line":645,"column":67}},"174":{"start":{"line":646,"column":8},"end":{"line":646,"column":94}},"175":{"start":{"line":653,"column":8},"end":{"line":656,"column":10}},"176":{"start":{"line":659,"column":8},"end":{"line":663,"column":10}},"177":{"start":{"line":668,"column":18},"end":{"line":668,"column":46}},"178":{"start":{"line":669,"column":4},"end":{"line":669,"column":42}},"179":{"start":{"line":673,"column":4},"end":{"line":681,"column":5}},"180":{"start":{"line":674,"column":19},"end":{"line":674,"column":58}},"181":{"start":{"line":675,"column":6},"end":{"line":677,"column":7}},"182":{"start":{"line":676,"column":8},"end":{"line":676,"column":27}},"183":{"start":{"line":678,"column":6},"end":{"line":680,"column":7}},"184":{"start":{"line":679,"column":8},"end":{"line":679,"column":30}},"185":{"start":{"line":682,"column":4},"end":{"line":682,"column":21}},"186":{"start":{"line":692,"column":4},"end":{"line":692,"column":76}},"187":{"start":{"line":696,"column":4},"end":{"line":725,"column":5}},"188":{"start":{"line":697,"column":6},"end":{"line":722,"column":8}},"189":{"start":{"line":698,"column":14},"end":{"line":708,"column":null}},"190":{"start":{"line":705,"column":29},"end":{"line":705,"column":68}},"191":{"start":{"line":706,"column":12},"end":{"line":706,"column":33}},"192":{"start":{"line":713,"column":24},"end":{"line":713,"column":99}},"193":{"start":{"line":714,"column":31},"end":{"line":714,"column":73}},"194":{"start":{"line":715,"column":12},"end":{"line":718,"column":13}},"195":{"start":{"line":716,"column":14},"end":{"line":716,"column":82}},"196":{"start":{"line":717,"column":14},"end":{"line":717,"column":32}},"197":{"start":{"line":719,"column":12},"end":{"line":719,"column":58}},"198":{"start":{"line":724,"column":6},"end":{"line":724,"column":53}},"199":{"start":{"line":729,"column":4},"end":{"line":737,"column":5}},"200":{"start":{"line":730,"column":26},"end":{"line":730,"column":56}},"201":{"start":{"line":731,"column":18},"end":{"line":731,"column":66}},"202":{"start":{"line":732,"column":23},"end":{"line":732,"column":57}},"203":{"start":{"line":734,"column":6},"end":{"line":734,"column":83}},"204":{"start":{"line":736,"column":6},"end":{"line":736,"column":63}},"205":{"start":{"line":741,"column":4},"end":{"line":747,"column":5}},"206":{"start":{"line":742,"column":26},"end":{"line":742,"column":56}},"207":{"start":{"line":743,"column":23},"end":{"line":743,"column":77}},"208":{"start":{"line":744,"column":6},"end":{"line":744,"column":27}},"209":{"start":{"line":746,"column":6},"end":{"line":746,"column":60}},"210":{"start":{"line":751,"column":4},"end":{"line":758,"column":5}},"211":{"start":{"line":752,"column":28},"end":{"line":752,"column":50}},"212":{"start":{"line":753,"column":26},"end":{"line":753,"column":62}},"213":{"start":{"line":754,"column":23},"end":{"line":754,"column":77}},"214":{"start":{"line":755,"column":6},"end":{"line":755,"column":27}},"215":{"start":{"line":757,"column":6},"end":{"line":757,"column":71}},"216":{"start":{"line":762,"column":4},"end":{"line":777,"column":5}},"217":{"start":{"line":763,"column":6},"end":{"line":774,"column":8}},"218":{"start":{"line":770,"column":27},"end":{"line":770,"column":70}},"219":{"start":{"line":771,"column":10},"end":{"line":771,"column":31}},"220":{"start":{"line":776,"column":6},"end":{"line":776,"column":58}},"221":{"start":{"line":781,"column":4},"end":{"line":796,"column":5}},"222":{"start":{"line":782,"column":6},"end":{"line":793,"column":8}},"223":{"start":{"line":789,"column":27},"end":{"line":789,"column":88}},"224":{"start":{"line":790,"column":10},"end":{"line":790,"column":31}},"225":{"start":{"line":795,"column":6},"end":{"line":795,"column":71}},"226":{"start":{"line":800,"column":4},"end":{"line":808,"column":5}},"227":{"start":{"line":801,"column":26},"end":{"line":801,"column":56}},"228":{"start":{"line":802,"column":18},"end":{"line":802,"column":72}},"229":{"start":{"line":803,"column":23},"end":{"line":803,"column":60}},"230":{"start":{"line":805,"column":6},"end":{"line":805,"column":83}},"231":{"start":{"line":807,"column":6},"end":{"line":807,"column":66}},"232":{"start":{"line":812,"column":4},"end":{"line":818,"column":5}},"233":{"start":{"line":813,"column":26},"end":{"line":813,"column":56}},"234":{"start":{"line":814,"column":23},"end":{"line":814,"column":83}},"235":{"start":{"line":815,"column":6},"end":{"line":815,"column":27}},"236":{"start":{"line":817,"column":6},"end":{"line":817,"column":63}},"237":{"start":{"line":822,"column":4},"end":{"line":829,"column":5}},"238":{"start":{"line":823,"column":28},"end":{"line":823,"column":50}},"239":{"start":{"line":824,"column":26},"end":{"line":824,"column":62}},"240":{"start":{"line":825,"column":23},"end":{"line":825,"column":83}},"241":{"start":{"line":826,"column":6},"end":{"line":826,"column":27}},"242":{"start":{"line":828,"column":6},"end":{"line":828,"column":74}},"243":{"start":{"line":833,"column":4},"end":{"line":848,"column":5}},"244":{"start":{"line":834,"column":6},"end":{"line":845,"column":8}},"245":{"start":{"line":841,"column":27},"end":{"line":841,"column":70}},"246":{"start":{"line":842,"column":10},"end":{"line":842,"column":31}},"247":{"start":{"line":847,"column":6},"end":{"line":847,"column":58}},"248":{"start":{"line":852,"column":4},"end":{"line":867,"column":5}},"249":{"start":{"line":853,"column":6},"end":{"line":864,"column":8}},"250":{"start":{"line":860,"column":27},"end":{"line":860,"column":66}},"251":{"start":{"line":861,"column":10},"end":{"line":861,"column":31}},"252":{"start":{"line":866,"column":6},"end":{"line":866,"column":53}},"253":{"start":{"line":871,"column":4},"end":{"line":879,"column":5}},"254":{"start":{"line":872,"column":26},"end":{"line":872,"column":56}},"255":{"start":{"line":873,"column":18},"end":{"line":873,"column":66}},"256":{"start":{"line":874,"column":23},"end":{"line":874,"column":57}},"257":{"start":{"line":876,"column":6},"end":{"line":876,"column":83}},"258":{"start":{"line":878,"column":6},"end":{"line":878,"column":63}},"259":{"start":{"line":883,"column":4},"end":{"line":889,"column":5}},"260":{"start":{"line":884,"column":26},"end":{"line":884,"column":56}},"261":{"start":{"line":885,"column":23},"end":{"line":885,"column":77}},"262":{"start":{"line":886,"column":6},"end":{"line":886,"column":27}},"263":{"start":{"line":888,"column":6},"end":{"line":888,"column":60}},"264":{"start":{"line":893,"column":4},"end":{"line":898,"column":5}},"265":{"start":{"line":894,"column":23},"end":{"line":894,"column":71}},"266":{"start":{"line":895,"column":6},"end":{"line":895,"column":27}},"267":{"start":{"line":897,"column":6},"end":{"line":897,"column":59}},"268":{"start":{"line":902,"column":4},"end":{"line":907,"column":5}},"269":{"start":{"line":903,"column":23},"end":{"line":903,"column":78}},"270":{"start":{"line":904,"column":6},"end":{"line":904,"column":27}},"271":{"start":{"line":906,"column":6},"end":{"line":906,"column":58}},"272":{"start":{"line":911,"column":4},"end":{"line":915,"column":5}},"273":{"start":{"line":912,"column":6},"end":{"line":912,"column":47}},"274":{"start":{"line":914,"column":6},"end":{"line":914,"column":58}},"275":{"start":{"line":924,"column":4},"end":{"line":924,"column":62}},"276":{"start":{"line":931,"column":4},"end":{"line":931,"column":57}},"277":{"start":{"line":938,"column":4},"end":{"line":938,"column":60}},"278":{"start":{"line":945,"column":4},"end":{"line":945,"column":49}},"279":{"start":{"line":952,"column":4},"end":{"line":952,"column":50}},"280":{"start":{"line":959,"column":4},"end":{"line":959,"column":38}},"281":{"start":{"line":966,"column":4},"end":{"line":966,"column":49}},"282":{"start":{"line":973,"column":4},"end":{"line":973,"column":51}},"283":{"start":{"line":980,"column":4},"end":{"line":980,"column":46}},"284":{"start":{"line":987,"column":4},"end":{"line":987,"column":48}},"285":{"start":{"line":994,"column":4},"end":{"line":994,"column":51}},"286":{"start":{"line":1001,"column":4},"end":{"line":1001,"column":53}},"287":{"start":{"line":1010,"column":4},"end":{"line":1010,"column":50}},"288":{"start":{"line":1017,"column":4},"end":{"line":1017,"column":53}},"289":{"start":{"line":1024,"column":4},"end":{"line":1024,"column":43}},"290":{"start":{"line":1031,"column":4},"end":{"line":1031,"column":49}},"291":{"start":{"line":1038,"column":4},"end":{"line":1038,"column":62}},"292":{"start":{"line":1045,"column":4},"end":{"line":1045,"column":55}},"293":{"start":{"line":1052,"column":4},"end":{"line":1052,"column":56}},"294":{"start":{"line":1059,"column":4},"end":{"line":1059,"column":49}},"295":{"start":{"line":1066,"column":4},"end":{"line":1066,"column":41}},"296":{"start":{"line":1073,"column":4},"end":{"line":1076,"column":7}},"297":{"start":{"line":1088,"column":4},"end":{"line":1088,"column":69}},"298":{"start":{"line":66,"column":0},"end":{"line":66,"column":13}}},"fnMap":{"0":{"name":"(anonymous_1)","decl":{"start":{"line":79,"column":2},"end":{"line":79,"column":14}},"loc":{"start":{"line":79,"column":68},"end":{"line":98,"column":3}}},"1":{"name":"(anonymous_2)","decl":{"start":{"line":100,"column":10},"end":{"line":100,"column":34}},"loc":{"start":{"line":100,"column":34},"end":{"line":151,"column":3}}},"2":{"name":"(anonymous_3)","decl":{"start":{"line":102,"column":41},"end":{"line":102,"column":46}},"loc":{"start":{"line":102,"column":58},"end":{"line":110,"column":5}}},"3":{"name":"(anonymous_4)","decl":{"start":{"line":114,"column":6},"end":{"line":114,"column":11}},"loc":{"start":{"line":114,"column":40},"end":{"line":131,"column":7}}},"4":{"name":"(anonymous_5)","decl":{"start":{"line":132,"column":6},"end":{"line":132,"column":11}},"loc":{"start":{"line":132,"column":22},"end":{"line":149,"column":7}}},"5":{"name":"(anonymous_6)","decl":{"start":{"line":153,"column":10},"end":{"line":153,"column":34}},"loc":{"start":{"line":153,"column":34},"end":{"line":210,"column":3}}},"6":{"name":"(anonymous_7)","decl":{"start":{"line":155,"column":31},"end":{"line":155,"column":32}},"loc":{"start":{"line":155,"column":42},"end":{"line":159,"column":5}}},"7":{"name":"(anonymous_8)","decl":{"start":{"line":162,"column":6},"end":{"line":162,"column":7}},"loc":{"start":{"line":162,"column":19},"end":{"line":178,"column":7}}},"8":{"name":"(anonymous_9)","decl":{"start":{"line":179,"column":6},"end":{"line":179,"column":7}},"loc":{"start":{"line":179,"column":16},"end":{"line":196,"column":7}}},"9":{"name":"(anonymous_10)","decl":{"start":{"line":200,"column":31},"end":{"line":200,"column":32}},"loc":{"start":{"line":200,"column":41},"end":{"line":209,"column":5}}},"10":{"name":"(anonymous_11)","decl":{"start":{"line":212,"column":10},"end":{"line":212,"column":39}},"loc":{"start":{"line":212,"column":39},"end":{"line":263,"column":3}}},"11":{"name":"(anonymous_12)","decl":{"start":{"line":214,"column":31},"end":{"line":214,"column":32}},"loc":{"start":{"line":214,"column":42},"end":{"line":235,"column":5}}},"12":{"name":"(anonymous_13)","decl":{"start":{"line":238,"column":32},"end":{"line":238,"column":33}},"loc":{"start":{"line":238,"column":45},"end":{"line":256,"column":5}}},"13":{"name":"(anonymous_14)","decl":{"start":{"line":259,"column":31},"end":{"line":259,"column":36}},"loc":{"start":{"line":259,"column":48},"end":{"line":262,"column":5}}},"14":{"name":"(anonymous_15)","decl":{"start":{"line":265,"column":10},"end":{"line":265,"column":31}},"loc":{"start":{"line":265,"column":45},"end":{"line":271,"column":3}}},"15":{"name":"(anonymous_16)","decl":{"start":{"line":274,"column":2},"end":{"line":274,"column":23}},"loc":{"start":{"line":274,"column":55},"end":{"line":277,"column":3}}},"16":{"name":"(anonymous_17)","decl":{"start":{"line":279,"column":2},"end":{"line":279,"column":24}},"loc":{"start":{"line":281,"column":41},"end":{"line":290,"column":3}}},"17":{"name":"(anonymous_18)","decl":{"start":{"line":292,"column":2},"end":{"line":292,"column":26}},"loc":{"start":{"line":292,"column":40},"end":{"line":296,"column":3}}},"18":{"name":"(anonymous_19)","decl":{"start":{"line":298,"column":2},"end":{"line":298,"column":27}},"loc":{"start":{"line":298,"column":41},"end":{"line":305,"column":3}}},"19":{"name":"(anonymous_20)","decl":{"start":{"line":307,"column":2},"end":{"line":307,"column":19}},"loc":{"start":{"line":307,"column":19},"end":{"line":311,"column":3}}},"20":{"name":"(anonymous_21)","decl":{"start":{"line":318,"column":2},"end":{"line":318,"column":13}},"loc":{"start":{"line":318,"column":37},"end":{"line":320,"column":3}}},"21":{"name":"(anonymous_22)","decl":{"start":{"line":325,"column":2},"end":{"line":325,"column":18}},"loc":{"start":{"line":325,"column":47},"end":{"line":327,"column":3}}},"22":{"name":"(anonymous_23)","decl":{"start":{"line":332,"column":2},"end":{"line":332,"column":16}},"loc":{"start":{"line":332,"column":16},"end":{"line":334,"column":3}}},"23":{"name":"(anonymous_24)","decl":{"start":{"line":339,"column":2},"end":{"line":339,"column":15}},"loc":{"start":{"line":339,"column":15},"end":{"line":341,"column":3}}},"24":{"name":"(anonymous_25)","decl":{"start":{"line":346,"column":2},"end":{"line":346,"column":12}},"loc":{"start":{"line":346,"column":12},"end":{"line":348,"column":3}}},"25":{"name":"(anonymous_26)","decl":{"start":{"line":353,"column":2},"end":{"line":353,"column":18}},"loc":{"start":{"line":353,"column":30},"end":{"line":355,"column":3}}},"26":{"name":"(anonymous_27)","decl":{"start":{"line":360,"column":2},"end":{"line":360,"column":7}},"loc":{"start":{"line":360,"column":48},"end":{"line":372,"column":3}}},"27":{"name":"(anonymous_28)","decl":{"start":{"line":369,"column":6},"end":{"line":369,"column":9}},"loc":{"start":{"line":369,"column":12},"end":{"line":369,"column":69}}},"28":{"name":"(anonymous_29)","decl":{"start":{"line":369,"column":43},"end":{"line":369,"column":51}},"loc":{"start":{"line":369,"column":55},"end":{"line":369,"column":68}}},"29":{"name":"(anonymous_30)","decl":{"start":{"line":377,"column":2},"end":{"line":377,"column":7}},"loc":{"start":{"line":377,"column":63},"end":{"line":389,"column":3}}},"30":{"name":"(anonymous_31)","decl":{"start":{"line":386,"column":6},"end":{"line":386,"column":9}},"loc":{"start":{"line":386,"column":12},"end":{"line":386,"column":79}}},"31":{"name":"(anonymous_32)","decl":{"start":{"line":386,"column":53},"end":{"line":386,"column":61}},"loc":{"start":{"line":386,"column":65},"end":{"line":386,"column":78}}},"32":{"name":"(anonymous_33)","decl":{"start":{"line":394,"column":2},"end":{"line":394,"column":7}},"loc":{"start":{"line":394,"column":67},"end":{"line":406,"column":3}}},"33":{"name":"(anonymous_34)","decl":{"start":{"line":403,"column":6},"end":{"line":403,"column":9}},"loc":{"start":{"line":403,"column":12},"end":{"line":403,"column":88}}},"34":{"name":"(anonymous_35)","decl":{"start":{"line":403,"column":62},"end":{"line":403,"column":70}},"loc":{"start":{"line":403,"column":74},"end":{"line":403,"column":87}}},"35":{"name":"(anonymous_36)","decl":{"start":{"line":411,"column":2},"end":{"line":411,"column":23}},"loc":{"start":{"line":411,"column":61},"end":{"line":413,"column":3}}},"36":{"name":"(anonymous_37)","decl":{"start":{"line":418,"column":2},"end":{"line":418,"column":26}},"loc":{"start":{"line":418,"column":64},"end":{"line":420,"column":3}}},"37":{"name":"(anonymous_38)","decl":{"start":{"line":427,"column":2},"end":{"line":427,"column":21}},"loc":{"start":{"line":427,"column":21},"end":{"line":429,"column":3}}},"38":{"name":"(anonymous_39)","decl":{"start":{"line":434,"column":2},"end":{"line":434,"column":22}},"loc":{"start":{"line":434,"column":22},"end":{"line":436,"column":3}}},"39":{"name":"(anonymous_40)","decl":{"start":{"line":441,"column":2},"end":{"line":441,"column":24}},"loc":{"start":{"line":441,"column":24},"end":{"line":443,"column":3}}},"40":{"name":"(anonymous_41)","decl":{"start":{"line":448,"column":2},"end":{"line":448,"column":24}},"loc":{"start":{"line":448,"column":24},"end":{"line":450,"column":3}}},"41":{"name":"(anonymous_42)","decl":{"start":{"line":455,"column":2},"end":{"line":455,"column":26}},"loc":{"start":{"line":455,"column":26},"end":{"line":457,"column":3}}},"42":{"name":"(anonymous_43)","decl":{"start":{"line":462,"column":2},"end":{"line":462,"column":29}},"loc":{"start":{"line":462,"column":64},"end":{"line":464,"column":3}}},"43":{"name":"(anonymous_44)","decl":{"start":{"line":469,"column":2},"end":{"line":469,"column":32}},"loc":{"start":{"line":469,"column":67},"end":{"line":471,"column":3}}},"44":{"name":"(anonymous_45)","decl":{"start":{"line":476,"column":2},"end":{"line":476,"column":32}},"loc":{"start":{"line":476,"column":67},"end":{"line":478,"column":3}}},"45":{"name":"(anonymous_46)","decl":{"start":{"line":483,"column":2},"end":{"line":483,"column":33}},"loc":{"start":{"line":483,"column":50},"end":{"line":485,"column":3}}},"46":{"name":"(anonymous_47)","decl":{"start":{"line":490,"column":2},"end":{"line":490,"column":22}},"loc":{"start":{"line":490,"column":22},"end":{"line":492,"column":3}}},"47":{"name":"(anonymous_48)","decl":{"start":{"line":497,"column":2},"end":{"line":497,"column":23}},"loc":{"start":{"line":497,"column":23},"end":{"line":506,"column":3}}},"48":{"name":"(anonymous_49)","decl":{"start":{"line":511,"column":10},"end":{"line":511,"column":15}},"loc":{"start":{"line":514,"column":30},"end":{"line":525,"column":3}}},"49":{"name":"(anonymous_50)","decl":{"start":{"line":528,"column":2},"end":{"line":528,"column":20}},"loc":{"start":{"line":528,"column":73},"end":{"line":538,"column":3}}},"50":{"name":"(anonymous_51)","decl":{"start":{"line":529,"column":38},"end":{"line":529,"column":39}},"loc":{"start":{"line":529,"column":49},"end":{"line":537,"column":5}}},"51":{"name":"(anonymous_52)","decl":{"start":{"line":540,"column":2},"end":{"line":540,"column":23}},"loc":{"start":{"line":540,"column":63},"end":{"line":562,"column":3}}},"52":{"name":"(anonymous_53)","decl":{"start":{"line":542,"column":33},"end":{"line":542,"column":34}},"loc":{"start":{"line":542,"column":44},"end":{"line":549,"column":7}}},"53":{"name":"(anonymous_54)","decl":{"start":{"line":553,"column":41},"end":{"line":553,"column":42}},"loc":{"start":{"line":553,"column":54},"end":{"line":558,"column":7}}},"54":{"name":"(anonymous_55)","decl":{"start":{"line":564,"column":2},"end":{"line":564,"column":21}},"loc":{"start":{"line":564,"column":89},"end":{"line":592,"column":3}}},"55":{"name":"(anonymous_56)","decl":{"start":{"line":567,"column":6},"end":{"line":567,"column":11}},"loc":{"start":{"line":567,"column":22},"end":{"line":590,"column":7}}},"56":{"name":"(anonymous_57)","decl":{"start":{"line":587,"column":26},"end":{"line":587,"column":33}},"loc":{"start":{"line":587,"column":37},"end":{"line":587,"column":63}}},"57":{"name":"(anonymous_58)","decl":{"start":{"line":594,"column":10},"end":{"line":594,"column":26}},"loc":{"start":{"line":594,"column":95},"end":{"line":604,"column":3}}},"58":{"name":"(anonymous_59)","decl":{"start":{"line":597,"column":35},"end":{"line":597,"column":36}},"loc":{"start":{"line":597,"column":52},"end":{"line":601,"column":5}}},"59":{"name":"(anonymous_60)","decl":{"start":{"line":606,"column":10},"end":{"line":606,"column":32}},"loc":{"start":{"line":606,"column":107},"end":{"line":621,"column":3}}},"60":{"name":"(anonymous_61)","decl":{"start":{"line":623,"column":10},"end":{"line":623,"column":21}},"loc":{"start":{"line":623,"column":57},"end":{"line":665,"column":3}}},"61":{"name":"(anonymous_62)","decl":{"start":{"line":667,"column":10},"end":{"line":667,"column":34}},"loc":{"start":{"line":667,"column":50},"end":{"line":670,"column":3}}},"62":{"name":"(anonymous_63)","decl":{"start":{"line":672,"column":10},"end":{"line":672,"column":33}},"loc":{"start":{"line":672,"column":55},"end":{"line":683,"column":3}}},"63":{"name":"(anonymous_64)","decl":{"start":{"line":688,"column":10},"end":{"line":688,"column":15}},"loc":{"start":{"line":690,"column":49},"end":{"line":693,"column":3}}},"64":{"name":"(anonymous_65)","decl":{"start":{"line
[...]
:375,"column":27}},"loc":{"start":{"line":375,"column":27},"end":{"line":380,"column":3}}},"29":{"name":"(anonymous_29)","decl":{"start":{"line":382,"column":10},"end":{"line":382,"column":21}},"loc":{"start":{"line":382,"column":47},"end":{"line":443,"column":3}}},"30":{"name":"(anonymous_30)","decl":{"start":{"line":436,"column":19},"end":{"line":436,"column":24}},"loc":{"start":{"line":436,"column":27},"end":{"line":442,"column":5}}},"31":{"name":"(anonymous_31)","decl":{"start":{"line":445,"column":10},"end":{"line":445,"column":24}},"loc":{"start":{"line":445,"column":24},"end":{"line":465,"column":3}}},"32":{"name":"(anonymous_32)","decl":{"start":{"line":467,"column":10},"end":{"line":467,"column":23}},"loc":{"start":{"line":467,"column":23},"end":{"line":494,"column":3}}},"33":{"name":"(anonymous_33)","decl":{"start":{"line":499,"column":2},"end":{"line":499,"column":9}},"loc":{"start":{"line":499,"column":9},"end":{"line":504,"column":3}}},"34":{"name":"(anonymous_34)","decl":{"start":{"line":513,"column":2},"end":{"line":513,"column":14}},"loc":{"start":{"line":513,"column":41},"end":{"line":515,"column":3}}},"35":{"name":"(anonymous_35)","decl":{"start":{"line":520,"column":2},"end":{"line":520,"column":11}},"loc":{"start":{"line":520,"column":11},"end":{"line":587,"column":3}}},"36":{"name":"(anonymous_36)","decl":{"start":{"line":592,"column":2},"end":{"line":592,"column":13}},"loc":{"start":{"line":592,"column":13},"end":{"line":595,"column":3}}},"37":{"name":"(anonymous_37)","decl":{"start":{"line":600,"column":2},"end":{"line":600,"column":13}},"loc":{"start":{"line":600,"column":13},"end":{"line":640,"column":3}}},"38":{"name":"(anonymous_38)","decl":{"start":{"line":645,"column":2},"end":{"line":645,"column":15}},"loc":{"start":{"line":645,"column":15},"end":{"line":653,"column":3}}},"39":{"name":"(anonymous_39)","decl":{"start":{"line":650,"column":21},"end":{"line":650,"column":28}},"loc":{"start":{"line":650,"column":32},"end":{"line":650,"column":60}}}},"branchMap":{"0":{"loc":{"start":{"line":112,"column":14},"end":{"line":112,"column":53}},"type":"default-arg","locations":[{"start":{"line":112,"column":51},"end":{"line":112,"column":53}}]},"1":{"loc":{"start":{"line":130,"column":4},"end":{"line":132,"column":5}},"type":"if","locations":[{"start":{"line":130,"column":4},"end":{"line":132,"column":5}}]},"2":{"loc":{"start":{"line":139,"column":4},"end":{"line":139,"column":37}},"type":"if","locations":[{"start":{"line":139,"column":4},"end":{"line":139,"column":37}}]},"3":{"loc":{"start":{"line":145,"column":4},"end":{"line":147,"column":5}},"type":"if","locations":[{"start":{"line":145,"column":4},"end":{"line":147,"column":5}}]},"4":{"loc":{"start":{"line":157,"column":4},"end":{"line":159,"column":5}},"type":"if","locations":[{"start":{"line":157,"column":4},"end":{"line":159,"column":5}}]},"5":{"loc":{"start":{"line":166,"column":4},"end":{"line":168,"column":5}},"type":"if","locations":[{"start":{"line":166,"column":4},"end":{"line":168,"column":5}}]},"6":{"loc":{"start":{"line":172,"column":56},"end":{"line":172,"column":89}},"type":"binary-expr","locations":[{"start":{"line":172,"column":56},"end":{"line":172,"column":71}},{"start":{"line":172,"column":75},"end":{"line":172,"column":89}}]},"7":{"loc":{"start":{"line":173,"column":52},"end":{"line":173,"column":78}},"type":"binary-expr","locations":[{"start":{"line":173,"column":52},"end":{"line":173,"column":67}},{"start":{"line":173,"column":71},"end":{"line":173,"column":78}}]},"8":{"loc":{"start":{"line":193,"column":26},"end":{"line":193,"column":53}},"type":"binary-expr","locations":[{"start":{"line":193,"column":26},"end":{"line":193,"column":48}},{"start":{"line":193,"column":52},"end":{"line":193,"column":53}}]},"9":{"loc":{"start":{"line":194,"column":23},"end":{"line":194,"column":47}},"type":"binary-expr","locations":[{"start":{"line":194,"column":23},"end":{"line":194,"column":42}},{"start":{"line":194,"column":46},"end":{"line":194,"column":47}}]},"10":{"loc":{"start":{"line":195,"column":23},"end":{"line":195,"column":47}},"type":"binary-expr","locations":[{"start":{"line":195,"column":23},"end":{"line":195,"column":42}},{"start":{"line":195,"column":46},"end":{"line":195,"column":47}}]},"11":{"loc":{"start":{"line":196,"column":23},"end":{"line":196,"column":40}},"type":"binary-expr","locations":[{"start":{"line":196,"column":23},"end":{"line":196,"column":35}},{"start":{"line":196,"column":39},"end":{"line":196,"column":40}}]},"12":{"loc":{"start":{"line":197,"column":23},"end":{"line":197,"column":59}},"type":"binary-expr","locations":[{"start":{"line":197,"column":23},"end":{"line":197,"column":54}},{"start":{"line":197,"column":58},"end":{"line":197,"column":59}}]},"13":{"loc":{"start":{"line":209,"column":32},"end":{"line":209,"column":108}},"type":"binary-expr","locations":[{"start":{"line":209,"column":32},"end":{"line":209,"column":103}},{"start":{"line":209,"column":107},"end":{"line":209,"column":108}}]},"14":{"loc":{"start":{"line":210,"column":30},"end":{"line":210,"column":102}},"type":"binary-expr","locations":[{"start":{"line":210,"column":30},"end":{"line":210,"column":97}},{"start":{"line":210,"column":101},"end":{"line":210,"column":102}}]},"15":{"loc":{"start":{"line":217,"column":19},"end":{"line":217,"column":87}},"type":"cond-expr","locations":[{"start":{"line":217,"column":54},"end":{"line":217,"column":75}},{"start":{"line":217,"column":78},"end":{"line":217,"column":87}}]},"16":{"loc":{"start":{"line":247,"column":19},"end":{"line":247,"column":37}},"type":"default-arg","locations":[{"start":{"line":247,"column":35},"end":{"line":247,"column":37}}]},"17":{"loc":{"start":{"line":272,"column":4},"end":{"line":274,"column":5}},"type":"if","locations":[{"start":{"line":272,"column":4},"end":{"line":274,"column":5}}]},"18":{"loc":{"start":{"line":283,"column":4},"end":{"line":287,"column":5}},"type":"if","locations":[{"start":{"line":283,"column":4},"end":{"line":287,"column":5}},{"start":{"line":285,"column":11},"end":{"line":287,"column":5}}]},"19":{"loc":{"start":{"line":283,"column":8},"end":{"line":283,"column":38}},"type":"binary-expr","locations":[{"start":{"line":283,"column":8},"end":{"line":283,"column":15}},{"start":{"line":283,"column":19},"end":{"line":283,"column":38}}]},"20":{"loc":{"start":{"line":285,"column":11},"end":{"line":287,"column":5}},"type":"if","locations":[{"start":{"line":285,"column":11},"end":{"line":287,"column":5}}]},"21":{"loc":{"start":{"line":285,"column":15},"end":{"line":285,"column":45}},"type":"binary-expr","locations":[{"start":{"line":285,"column":15},"end":{"line":285,"column":23}},{"start":{"line":285,"column":27},"end":{"line":285,"column":45}}]},"22":{"loc":{"start":{"line":328,"column":4},"end":{"line":330,"column":5}},"type":"if","locations":[{"start":{"line":328,"column":4},"end":{"line":330,"column":5}}]},"23":{"loc":{"start":{"line":331,"column":4},"end":{"line":333,"column":5}},"type":"if","locations":[{"start":{"line":331,"column":4},"end":{"line":333,"column":5}}]},"24":{"loc":{"start":{"line":348,"column":4},"end":{"line":348,"column":35}},"type":"if","locations":[{"start":{"line":348,"column":4},"end":{"line":348,"column":35}}]},"25":{"loc":{"start":{"line":363,"column":6},"end":{"line":365,"column":7}},"type":"if","locations":[{"start":{"line":363,"column":6},"end":{"line":365,"column":7}}]},"26":{"loc":{"start":{"line":376,"column":4},"end":{"line":379,"column":5}},"type":"if","locations":[{"start":{"line":376,"column":4},"end":{"line":379,"column":5}}]},"27":{"loc":{"start":{"line":387,"column":4},"end":{"line":396,"column":5}},"type":"if","locations":[{"start":{"line":387,"column":4},"end":{"line":396,"column":5}}]},"28":{"loc":{"start":{"line":390,"column":18},"end":{"line":390,"column":105}},"type":"cond-expr","locations":[{"start":{"line":390,"column":83},"end":{"line":390,"column":93}},{"start":{"line":390,"column":96},"end":{"line":390,"column":105}}]},"29":{"loc":{"start":{"line":399,"column":4},"end":{"line":408,"column":5}},"type":"if","locations":[{"start":{"line":399,"column":4},"end":{"line":408,"column":5}}]},"30":{"loc":{"start":{"line":402,"column":18},"end":{"line":402,"column":102}},"type":"cond-expr","locations":[{"start":{"line":402,"column":80},"end":{"line":402,"column":90}},{"start":{"line":402,"column":93},"end":{"line":402,"column":102}}]},"31":{"loc":{"start":{"line":411,"column":4},"end":{"line":420,"column":5}},"type":"if","locations":[{"start":{"line":411,"column":4},"end":{"line":420,"column":5}}]},"32":{"loc":{"start":{"line":411,"column":8},"end":{"line":411,"column":97}},"type":"binary-expr","locations":[{"start":{"line":411,"column":8},"end":{"line":411,"column":69}},{"start":{"line":411,"column":73},"end":{"line":411,"column":97}}]},"33":{"loc":{"start":{"line":414,"column":18},"end":{"line":414,"column":108}},"type":"cond-expr","locations":[{"start":{"line":414,"column":86},"end":{"line":414,"column":96}},{"start":{"line":414,"column":99},"end":{"line":414,"column":108}}]},"34":{"loc":{"start":{"line":424,"column":4},"end":{"line":433,"column":5}},"type":"if","locations":[{"start":{"line":424,"column":4},"end":{"line":433,"column":5}}]},"35":{"loc":{"start":{"line":424,"column":8},"end":{"line":424,"column":87}},"type":"binary-expr","locations":[{"start":{"line":424,"column":8},"end":{"line":424,"column":19}},{"start":{"line":424,"column":23},"end":{"line":424,"column":87}}]},"36":{"loc":{"start":{"line":427,"column":18},"end":{"line":427,"column":113}},"type":"cond-expr","locations":[{"start":{"line":427,"column":91},"end":{"line":427,"column":101}},{"start":{"line":427,"column":104},"end":{"line":427,"column":113}}]},"37":{"loc":{"start":{"line":446,"column":4},"end":{"line":462,"column":5}},"type":"if","locations":[{"start":{"line":446,"column":4},"end":{"line":462,"column":5}},{"start":{"line":454,"column":11},"end":{"line":462,"column":5}}]},"38":{"loc":{"start":{"line":446,"column":8},"end":{"line":446,"column":61}},"type":"binary-expr","locations":[{"start":{"line":446,"column":8},"end":{"line":446,"column":38}},{"start":{"line":446,"column":42},"end":{"line":446,"column":61}}]},"39":{"loc":{"start":{"line":454,"column":11},"end":{"line":462,"column":5}},"type":"if","locations":[{"start":{"line":454,"column":11},"end":{"line":462,"column":5}}]},"40":{"loc":{"start":{"line":454,"column":15},"end":{"line":454,"column":76}},"type":"binary-expr","locations":[{"start":{"line":454,"column":15},"end":{"line":454,"column":49}},{"start":{"line":454,"column":53},"end":{"line":454,"column":76}}]},"41":{"loc":{"start":{"line":487,"column":19},"end":{"line":487,"column":87}},"type":"cond-expr","locations":[{"start":{"line":487,"column":54},"end":{"line":487,"column":75}},{"start":{"line":487,"column":78},"end":{"line":487,"column":87}}]},"42":{"loc":{"start":{"line":550,"column":4},"end":{"line":553,"column":5}},"type":"if","locations":[{"start":{"line":550,"column":4},"end":{"line":553,"column":5}}]},"43":{"loc":{"start":{"line":550,"column":8},"end":{"line":550,"column":78}},"type":"binary-expr","locations":[{"start":{"line":550,"column":8},"end":{"line":550,"column":42}},{"start":{"line":550,"column":46},"end":{"line":550,"column":78}}]},"44":{"loc":{"start":{"line":557,"column":4},"end":{"line":562,"column":5}},"type":"if","locations":[{"start":{"line":557,"column":4},"end":{"line":562,"column":5}}]},"45":{"loc":{"start":{"line":571,"column":4},"end":{"line":584,"column":5}},"type":"if","locations":[{"start":{"line":571,"column":4},"end":{"line":584,"column":5}}]},"46":{"loc":{"start":{"line":581,"column":42},"end":{"line":581,"column":75}},"type":"cond-expr","locations":[{"start":{"line":581,"column":67},"end":{"line":581,"column":70}},{"start":{"line":581,"column":73},"end":{"line":581,"column":75}}]},"47":{"loc":{"start":{"line":582,"column":42},"end":{"line":582,"column":71}},"type":"cond-expr","locations":[{"start":{"line":582,"column":63},"end":{"line":582,"column":66}},{"start":{"line":582,"column":69},"end":{"line":582,"column":71}}]},"48":{"loc":{"start":{"line":583,"column":42},"end":{"line":583,"column":72}},"type":"cond-expr","locations":[{"start":{"line":583,"column":64},"end":{"line":583,"column":67}},{"start":{"line":583,"column":70},"end":{"line":583,"column":72}}]},"49":{"loc":{"start":{"line":605,"column":4},"end":{"line":609,"column":5}},"type":"if","locations":[{"start":{"line":605,"column":4},"end":{"line":609,"column":5}},{"start":{"line":607,"column":11},"end":{"line":609,"column":5}}]},"50":{"loc":{"start":{"line":607,"column":11},"end":{"line":609,"column":5}},"type":"if","locations":[{"start":{"line":607,"column":11},"end":{"line":609,"column":5}}]},"51":{"loc":{"start":{"line":612,"column":4},"end":{"line":616,"column":5}},"type":"if","locations":[{"start":{"line":612,"column":4},"end":{"line":616,"column":5}},{"start":{"line":614,"column":11},"end":{"line":616,"column":5}}]},"52":{"loc":{"start":{"line":612,"column":8},"end":{"line":612,"column":59}},"type":"binary-expr","locations":[{"start":{"line":612,"column":8},"end":{"line":612,"column":31}},{"start":{"line":612,"column":35},"end":{"line":612,"column":59}}]},"53":{"loc":{"start":{"line":614,"column":11},"end":{"line":616,"column":5}},"type":"if","locations":[{"start":{"line":614,"column":11},"end":{"line":616,"column":5}}]},"54":{"loc":{"start":{"line":619,"column":4},"end":{"line":623,"column":5}},"type":"if","locations":[{"start":{"line":619,"column":4},"end":{"line":623,"column":5}},{"start":{"line":621,"column":11},"end":{"line":623,"column":5}}]},"55":{"loc":{"start":{"line":621,"column":11},"end":{"line":623,"column":5}},"type":"if","locations":[{"start":{"line":621,"column":11},"end":{"line":623,"column":5}}]},"56":{"loc":{"start":{"line":621,"column":15},"end":{"line":621,"column":64}},"type":"binary-expr","locations":[{"start":{"line":621,"column":15},"end":{"line":621,"column":36}},{"start":{"line":621,"column":40},"end":{"line":621,"column":64}}]},"57":{"loc":{"start":{"line":626,"column":4},"end":{"line":628,"column":5}},"type":"if","locations":[{"start":{"line":626,"column":4},"end":{"line":628,"column":5}}]},"58":{"loc":{"start":{"line":631,"column":4},"end":{"line":633,"column":5}},"type":"if","locations":[{"start":{"line":631,"column":4},"end":{"line":633,"column":5}}]},"59":{"loc":{"start":{"line":631,"column":8},"end":{"line":631,"column":62}},"type":"binary-expr","locations":[{"start":{"line":631,"column":8},"end":{"line":631,"column":25}},{"start":{"line":631,"column":29},"end":{"line":631,"column":62}}]},"60":{"loc":{"start":{"line":635,"column":4},"end":{"line":637,"column":5}},"type":"if","locations":[{"start":{"line":635,"column":4},"end":{"line":637,"column":5}}]}},"s":{"0":105,"1":105,"2":105,"3":105,"4":105,"5":105,"6":105,"7":199,"8":1,"9":198,"10":198,"11":2,"12":198,"13":198,"14":198,"15":333,"16":56,"17":277,"18":277,"19":939,"20":682,"21":277,"22":939,"23":277,"24":939,"25":277,"26":939,"27":277,"28":277,"29":277,"30":277,"31":133,"32":277,"33":939,"34":806,"35":277,"36":277,"37":277,"38":277,"39":939,"40":133,"41":806,"42":277,"43":277,"44":2,"45":0,"46":1,"47":1,"48":1,"49":3,"50":0,"51":0,"52":0,"53":2,"54":2,"55":1,"56":1,"57":1,"58":1,"59":1,"60":112,"61":1,"62":1,"63":1,"64":0,"65":562,"66":11,"67":11,"68":0,"69":106,"70":0,"71":106,"72":5,"73":5,"74":5,"75":5,"76":0,"77":5,"78":30,"79":30,"80":30,"81":198,"82":198,"83":198,"84":1,"85":198,"86":50,"87":198,"88":20,"89":198,"90":198,"91":11,"92":198,"93":82,"94":530,"95":530,"96":530,"97":0,"98":0,"99":0,"100":0,"101":56,"102":56,"103":29,"104":29,"105":29,"106":29,"107":6,"108":100,"109":1,"110":1,"111":1,"112":1,"113":1,"114":1,"115":1,"116":1,"117":1,"118":1,"119":1,"120":1,"121":1,"122":1,"123":1,"124":1,"125":1,"126":1,"127":1,"128":1,"129":1,"130":1,"131":1,"132":1,"133":1,"134":1,"135":1,"136":1,"137":1,"138":1,"139":1,"140":1,"141":1,"142":1,"143":1,"144":0,"145":0,"146":0,"147":0,"148":0,"149":0,"150":0,"151":0,"152":0,"153":1,"154":0,"155":4,"156":4,"157":4,"158":1,"159":3,"160":0,"161":4,"162":2,"163":2,"164":0,"165":4,"166":1,"167":3,"168":0,"169":4,"170":4,"171":4,"172":4,"173":4,"174":0,"175":4,"176":0,"177":0,"178":0,"179":0,"180":0,"181":6},"f":{"0":105,"1":199,"2":333,"3":939,"4":682,"5":939,"6":939,"7":939,"8":133,"9":939,"10":806,"11":939,"12":133,"13":806,"14":2,"15":0,"16":1,"17":3,"18":0,"19":2,"20":1,"21":1,"22":112,"23":1,"24":562,"25":11,"26":106,"27":5,"28":30,"29":198,"30":82,"31":530,"32":56,"33":29,"34":100,"35":1,"36":0,"37":4,"38":0,"39":0},"b":{"0":[80],"1":[105],"2":[1],"3":[2],"4":[198],"5":[56],"6":[939,935],"7":[939,753],"8":[277,126],"9":[277,121],"10":[277,121],"11":[277,134],"12":[277,121],"13":[277,229],"14":[277,133],"15":[277,0],"16":[0],"17":[0],"18":[1,1],"19":[2,1],"20":[1],"21":[1,1],"22":[1],"23":[0],"24":[0],"25":[0],"26":[30],"27":[1],"28":[0,1],"29":[50],"30":[49,1],"31":[20],"32":[198,185],"33":[18,2],"34":[11],"35":[198,198],"36":[10,1],"37":[530,0],"38":[530,530],"39":[0],"40":[0,0],"41":[55,1],"42":[1],"43":[1,1],"44":[1],"45":[0],"46":[0,0],"47":[0,0],"48":[0,0],"49":[1,3],"50":[0],"51":[2,2],"52":[4,3],"53":[0],"54":[1,3],"55":[0],"56":[3,3],"57":[4],"58":[4],"59":[4,4],"60":[0]}}
,"C:\\Users\\Chris\\Desktop\\APIcl\\client-library-2\\src\\types.ts": {"path":"C:\\Users\\Chris\\Desktop\\APIcl\\client-library-2\\src\\types.ts","statementMap":{"0":{"start":{"line":193,"column":8},"end":{"line":193,"column":23}},"1":{"start":{"line":194,"column":8},"end":{"line":194,"column":42}},"2":{"start":{"line":195,"column":8},"end":{"line":195,"column":29}},"3":{"start":{"line":196,"column":8},"end":{"line":196,"column":33}},"4":{"start":{"line":199,"column":8},"end":{"line":201,"column":9}},"5":{"start":{"line":200,"column":12},"end":{"line":200,"column":60}},"6":{"start":{"line":188,"column":0},"end":{"line":188,"column":13}},"7":{"start":{"line":207,"column":8},"end":{"line":207,"column":65}},"8":{"start":{"line":205,"column":0},"end":{"line":205,"column":13}},"9":{"start":{"line":215,"column":8},"end":{"line":215,"column":38}},"10":{"start":{"line":216,"column":8},"end":{"line":216,"column":49}},"11":{"start":{"line":211,"column":0},"end":{"line":211,"column":13}},"12":{"start":{"line":222,"column":8},"end":{"line":222,"column":38}},"13":{"start":{"line":220,"column":0},"end":{"line":220,"column":13}},"14":{"start":{"line":230,"column":8},"end":{"line":230,"column":77}},"15":{"start":{"line":231,"column":8},"end":{"line":231,"column":37}},"16":{"start":{"line":226,"column":0},"end":{"line":226,"column":13}}},"fnMap":{"0":{"name":"(anonymous_0)","decl":{"start":{"line":192,"column":4},"end":{"line":192,"column":16}},"loc":{"start":{"line":192,"column":67},"end":{"line":202,"column":5}}},"1":{"name":"(anonymous_1)","decl":{"start":{"line":206,"column":4},"end":{"line":206,"column":16}},"loc":{"start":{"line":206,"column":50},"end":{"line":208,"column":5}}},"2":{"name":"(anonymous_2)","decl":{"start":{"line":214,"column":4},"end":{"line":214,"column":16}},"loc":{"start":{"line":214,"column":80},"end":{"line":217,"column":5}}},"3":{"name":"(anonymous_3)","decl":{"start":{"line":221,"column":4},"end":{"line":221,"column":16}},"loc":{"start":{"line":221,"column":77},"end":{"line":223,"column":5}}},"4":{"name":"(anonymous_4)","decl":{"start":{"line":229,"column":4},"end":{"line":229,"column":16}},"loc":{"start":{"line":229,"column":55},"end":{"line":232,"column":5}}}},"branchMap":{"0":{"loc":{"start":{"line":199,"column":8},"end":{"line":201,"column":9}},"type":"if","locations":[{"start":{"line":199,"column":8},"end":{"line":201,"column":9}}]},"1":{"loc":{"start":{"line":221,"column":16},"end":{"line":221,"column":57}},"type":"default-arg","locations":[{"start":{"line":221,"column":34},"end":{"line":221,"column":57}}]}},"s":{"0":23,"1":23,"2":23,"3":23,"4":23,"5":23,"6":5,"7":9,"8":5,"9":3,"10":3,"11":5,"12":6,"13":5,"14":2,"15":2,"16":5},"f":{"0":23,"1":9,"2":3,"3":6,"4":2},"b":{"0":[23],"1":[0]}}
}
