TN:
SF:src\cache.ts
FN:22,(anonymous_0)
FN:26,(anonymous_1)
FN:43,(anonymous_2)
FN:52,(anonymous_3)
FN:56,(anonymous_4)
FN:60,(anonymous_5)
FN:64,(anonymous_6)
FN:68,(anonymous_7)
FN:93,(anonymous_8)
FN:99,(anonymous_9)
FN:128,(anonymous_10)
FN:146,(anonymous_11)
FN:154,(anonymous_12)
FN:160,(anonymous_13)
FN:163,(anonymous_14)
FN:178,(anonymous_15)
FN:182,(anonymous_16)
FN:213,(anonymous_17)
FN:242,(anonymous_18)
FN:260,(anonymous_19)
FN:268,(anonymous_20)
FN:274,(anonymous_21)
FN:277,(anonymous_22)
FN:292,(anonymous_23)
FN:296,(anonymous_24)
FN:335,(anonymous_25)
FN:364,(anonymous_26)
FN:378,(anonymous_27)
FN:385,(anonymous_28)
FN:400,(anonymous_29)
FN:427,(anonymous_30)
FN:463,(anonymous_31)
FN:472,(anonymous_32)
FN:487,(anonymous_33)
FN:497,(anonymous_34)
FN:511,(anonymous_35)
FN:518,(anonymous_36)
FN:525,(anonymous_37)
FN:535,(anonymous_38)
FN:544,(anonymous_39)
FN:555,(anonymous_40)
FN:576,(anonymous_41)
FN:584,(anonymous_42)
FN:596,(anonymous_43)
FN:602,(anonymous_44)
FN:620,(anonymous_45)
FN:631,(anonymous_46)
FN:662,(anonymous_47)
FN:684,(anonymous_48)
FN:692,(anonymous_49)
FNF:50
FNH:40
FNDA:91,(anonymous_0)
FNDA:188,(anonymous_1)
FNDA:55,(anonymous_2)
FNDA:1,(anonymous_3)
FNDA:4,(anonymous_4)
FNDA:49,(anonymous_5)
FNDA:53,(anonymous_6)
FNDA:1,(anonymous_7)
FNDA:2,(anonymous_8)
FNDA:1,(anonymous_9)
FNDA:1,(anonymous_10)
FNDA:0,(anonymous_11)
FNDA:0,(anonymous_12)
FNDA:0,(anonymous_13)
FNDA:1,(anonymous_14)
FNDA:0,(anonymous_15)
FNDA:0,(anonymous_16)
FNDA:1,(anonymous_17)
FNDA:1,(anonymous_18)
FNDA:0,(anonymous_19)
FNDA:0,(anonymous_20)
FNDA:0,(anonymous_21)
FNDA:1,(anonymous_22)
FNDA:0,(anonymous_23)
FNDA:0,(anonymous_24)
FNDA:87,(anonymous_25)
FNDA:87,(anonymous_26)
FNDA:218,(anonymous_27)
FNDA:4,(anonymous_28)
FNDA:132,(anonymous_29)
FNDA:51,(anonymous_30)
FNDA:1,(anonymous_31)
FNDA:3,(anonymous_32)
FNDA:6,(anonymous_33)
FNDA:4,(anonymous_34)
FNDA:2,(anonymous_35)
FNDA:88,(anonymous_36)
FNDA:1,(anonymous_37)
FNDA:25,(anonymous_38)
FNDA:48,(anonymous_39)
FNDA:49,(anonymous_40)
FNDA:182,(anonymous_41)
FNDA:178,(anonymous_42)
FNDA:1,(anonymous_43)
FNDA:1,(anonymous_44)
FNDA:5,(anonymous_45)
FNDA:7,(anonymous_46)
FNDA:88,(anonymous_47)
FNDA:41,(anonymous_48)
FNDA:73,(anonymous_49)
DA:13,6
DA:18,6
DA:19,91
DA:23,91
DA:27,188
DA:28,188
DA:31,81
DA:32,2
DA:33,2
DA:37,79
DA:38,79
DA:40,79
DA:45,55
DA:46,1
DA:49,55
DA:53,1
DA:57,4
DA:61,49
DA:65,53
DA:69,1
DA:70,1
DA:72,1
DA:73,3
DA:74,1
DA:75,1
DA:79,1
DA:80,1
DA:88,6
DA:94,2
DA:95,2
DA:96,2
DA:100,1
DA:101,0
DA:104,1
DA:105,1
DA:106,1
DA:108,0
DA:111,0
DA:112,0
DA:113,0
DA:117,0
DA:118,0
DA:119,0
DA:121,0
DA:123,0
DA:124,0
DA:129,1
DA:130,0
DA:133,1
DA:135,1
DA:136,1
DA:137,0
DA:140,1
DA:142,0
DA:147,0
DA:148,0
DA:151,0
DA:155,0
DA:156,0
DA:159,0
DA:160,0
DA:164,1
DA:165,0
DA:168,1
DA:169,1
DA:170,0
DA:171,0
DA:172,0
DA:175,1
DA:179,0
DA:183,0
DA:184,0
DA:185,0
DA:187,0
DA:188,0
DA:189,0
DA:190,0
DA:191,0
DA:192,0
DA:193,0
DA:194,0
DA:199,0
DA:203,0
DA:204,0
DA:212,6
DA:214,1
DA:215,0
DA:218,1
DA:219,1
DA:220,1
DA:222,0
DA:225,0
DA:226,0
DA:227,0
DA:231,0
DA:232,0
DA:233,0
DA:235,0
DA:237,0
DA:238,0
DA:243,1
DA:244,0
DA:247,1
DA:249,1
DA:250,1
DA:251,0
DA:254,1
DA:256,0
DA:261,0
DA:262,0
DA:265,0
DA:269,0
DA:270,0
DA:273,0
DA:274,0
DA:278,1
DA:279,0
DA:282,1
DA:283,1
DA:284,0
DA:285,0
DA:286,0
DA:289,1
DA:293,0
DA:297,0
DA:298,0
DA:299,0
DA:301,0
DA:302,0
DA:303,0
DA:304,0
DA:305,0
DA:306,0
DA:307,0
DA:308,0
DA:313,0
DA:317,0
DA:318,0
DA:326,6
DA:330,87
DA:331,87
DA:332,87
DA:336,87
DA:337,87
DA:348,87
DA:361,87
DA:365,87
DA:367,0
DA:369,0
DA:371,87
DA:379,218
DA:380,218
DA:382,218
DA:383,2
DA:385,4
DA:387,2
DA:390,218
DA:391,6
DA:394,218
DA:401,132
DA:403,129
DA:405,129
DA:407,129
DA:408,22
DA:409,22
DA:412,22
DA:413,1
DA:416,22
DA:418,107
DA:419,107
DA:420,107
DA:428,51
DA:430,48
DA:431,48
DA:432,48
DA:434,48
DA:444,48
DA:445,48
DA:448,48
DA:451,0
DA:453,0
DA:464,1
DA:465,1
DA:466,1
DA:473,3
DA:474,3
DA:475,3
DA:476,3
DA:477,3
DA:478,3
DA:479,3
DA:480,3
DA:481,3
DA:488,6
DA:491,6
DA:498,4
DA:499,4
DA:502,4
DA:503,0
DA:504,0
DA:512,2
DA:519,88
DA:526,1
DA:527,1
DA:528,1
DA:536,25
DA:537,25
DA:538,25
DA:545,48
DA:546,48
DA:548,0
DA:556,49
DA:559,49
DA:560,49
DA:562,49
DA:563,52
DA:564,52
DA:565,52
DA:569,49
DA:570,49
DA:577,182
DA:584,182
DA:585,178
DA:586,178
DA:588,0
DA:598,1
DA:599,0
DA:602,1
DA:603,1
DA:604,1
DA:605,1
DA:606,1
DA:608,0
DA:610,1
DA:614,1
DA:621,5
DA:622,5
DA:623,4
DA:624,4
DA:636,7
DA:638,1
DA:639,1
DA:640,1
DA:643,6
DA:645,6
DA:647,3
DA:648,3
DA:649,1
DA:651,3
DA:655,3
DA:656,3
DA:668,88
DA:669,0
DA:672,88
DA:673,88
DA:674,11
DA:678,77
DA:679,4
DA:684,73
DA:685,41
DA:686,41
DA:689,1
DA:691,41
DA:693,73
DA:697,73
DA:698,73
DA:699,73
DA:701,0
LF:268
LH:176
BRDA:22,0,0,0
BRDA:28,1,0,107
BRDA:31,2,0,2
BRDA:45,3,0,1
BRDA:45,4,0,55
BRDA:45,4,1,1
BRDA:73,5,0,1
BRDA:79,6,0,1
BRDA:93,7,0,0
BRDA:93,8,0,0
BRDA:96,9,0,2
BRDA:96,9,1,2
BRDA:100,10,0,0
BRDA:100,11,0,1
BRDA:100,11,1,1
BRDA:106,12,0,1
BRDA:111,13,0,0
BRDA:129,14,0,0
BRDA:129,15,0,1
BRDA:129,15,1,1
BRDA:136,16,0,0
BRDA:136,17,0,1
BRDA:136,17,1,0
BRDA:147,18,0,0
BRDA:147,19,0,0
BRDA:147,19,1,0
BRDA:155,20,0,0
BRDA:155,21,0,0
BRDA:155,21,1,0
BRDA:164,22,0,0
BRDA:164,23,0,1
BRDA:164,23,1,1
BRDA:171,24,0,0
BRDA:171,25,0,0
BRDA:171,25,1,0
BRDA:190,26,0,0
BRDA:192,27,0,0
BRDA:203,28,0,0
BRDA:214,29,0,0
BRDA:214,30,0,1
BRDA:214,30,1,1
BRDA:220,31,0,1
BRDA:225,32,0,0
BRDA:243,33,0,0
BRDA:243,34,0,1
BRDA:243,34,1,1
BRDA:250,35,0,0
BRDA:250,36,0,1
BRDA:250,36,1,0
BRDA:261,37,0,0
BRDA:261,38,0,0
BRDA:261,38,1,0
BRDA:269,39,0,0
BRDA:269,40,0,0
BRDA:269,40,1,0
BRDA:278,41,0,0
BRDA:278,42,0,1
BRDA:278,42,1,1
BRDA:285,43,0,0
BRDA:285,44,0,0
BRDA:285,44,1,0
BRDA:304,45,0,0
BRDA:306,46,0,0
BRDA:317,47,0,0
BRDA:335,48,0,76
BRDA:336,49,0,87
BRDA:336,49,1,11
BRDA:365,50,0,0
BRDA:365,50,1,0
BRDA:365,50,2,87
BRDA:382,51,0,2
BRDA:382,52,0,218
BRDA:382,52,1,116
BRDA:390,53,0,6
BRDA:401,54,0,3
BRDA:407,55,0,22
BRDA:407,55,1,107
BRDA:412,56,0,1
BRDA:412,57,0,22
BRDA:412,57,1,22
BRDA:427,58,0,6
BRDA:428,59,0,3
BRDA:431,60,0,48
BRDA:431,60,1,47
BRDA:454,61,0,0
BRDA:454,61,1,0
BRDA:488,62,0,4
BRDA:488,62,1,2
BRDA:502,63,0,0
BRDA:527,64,0,1
BRDA:564,65,0,52
BRDA:598,66,0,0
BRDA:620,67,0,2
BRDA:622,68,0,4
BRDA:622,69,0,5
BRDA:622,69,1,1
BRDA:634,70,0,5
BRDA:636,71,0,1
BRDA:645,72,0,3
BRDA:648,73,0,1
BRDA:648,74,0,3
BRDA:648,74,1,3
BRDA:665,75,0,0
BRDA:668,76,0,0
BRDA:673,77,0,11
BRDA:673,78,0,88
BRDA:673,78,1,12
BRDA:678,79,0,4
BRDA:697,80,0,73
BRDA:697,80,1,0
BRF:110
BRH:62
end_of_record
TN:
SF:src\client.ts
FN:79,(anonymous_1)
FN:100,(anonymous_2)
FN:102,(anonymous_3)
FN:114,(anonymous_4)
FN:132,(anonymous_5)
FN:153,(anonymous_6)
FN:155,(anonymous_7)
FN:162,(anonymous_8)
FN:179,(anonymous_9)
FN:200,(anonymous_10)
FN:212,(anonymous_11)
FN:214,(anonymous_12)
FN:238,(anonymous_13)
FN:259,(anonymous_14)
FN:265,(anonymous_15)
FN:274,(anonymous_16)
FN:279,(anonymous_17)
FN:292,(anonymous_18)
FN:298,(anonymous_19)
FN:307,(anonymous_20)
FN:318,(anonymous_21)
FN:325,(anonymous_22)
FN:332,(anonymous_23)
FN:339,(anonymous_24)
FN:346,(anonymous_25)
FN:353,(anonymous_26)
FN:360,(anonymous_27)
FN:369,(anonymous_28)
FN:369,(anonymous_29)
FN:377,(anonymous_30)
FN:386,(anonymous_31)
FN:386,(anonymous_32)
FN:394,(anonymous_33)
FN:403,(anonymous_34)
FN:403,(anonymous_35)
FN:411,(anonymous_36)
FN:418,(anonymous_37)
FN:427,(anonymous_38)
FN:434,(anonymous_39)
FN:441,(anonymous_40)
FN:448,(anonymous_41)
FN:455,(anonymous_42)
FN:462,(anonymous_43)
FN:469,(anonymous_44)
FN:476,(anonymous_45)
FN:483,(anonymous_46)
FN:490,(anonymous_47)
FN:497,(anonymous_48)
FN:511,(anonymous_49)
FN:528,(anonymous_50)
FN:529,(anonymous_51)
FN:540,(anonymous_52)
FN:542,(anonymous_53)
FN:553,(anonymous_54)
FN:564,(anonymous_55)
FN:567,(anonymous_56)
FN:587,(anonymous_57)
FN:594,(anonymous_58)
FN:597,(anonymous_59)
FN:606,(anonymous_60)
FN:623,(anonymous_61)
FN:667,(anonymous_62)
FN:672,(anonymous_63)
FN:688,(anonymous_64)
FN:695,(anonymous_65)
FN:698,(anonymous_66)
FN:704,(anonymous_67)
FN:712,(anonymous_68)
FN:728,(anonymous_69)
FN:740,(anonymous_70)
FN:750,(anonymous_71)
FN:761,(anonymous_72)
FN:769,(anonymous_73)
FN:780,(anonymous_74)
FN:788,(anonymous_75)
FN:799,(anonymous_76)
FN:811,(anonymous_77)
FN:821,(anonymous_78)
FN:832,(anonymous_79)
FN:840,(anonymous_80)
FN:851,(anonymous_81)
FN:859,(anonymous_82)
FN:870,(anonymous_83)
FN:882,(anonymous_84)
FN:892,(anonymous_85)
FN:901,(anonymous_86)
FN:910,(anonymous_87)
FN:923,(anonymous_88)
FN:930,(anonymous_89)
FN:937,(anonymous_90)
FN:944,(anonymous_91)
FN:951,(anonymous_92)
FN:958,(anonymous_93)
FN:965,(anonymous_94)
FN:972,(anonymous_95)
FN:979,(anonymous_96)
FN:986,(anonymous_97)
FN:993,(anonymous_98)
FN:1000,(anonymous_99)
FN:1009,(anonymous_100)
FN:1016,(anonymous_101)
FN:1023,(anonymous_102)
FN:1030,(anonymous_103)
FN:1037,(anonymous_104)
FN:1044,(anonymous_105)
FN:1051,(anonymous_106)
FN:1058,(anonymous_107)
FN:1065,(anonymous_108)
FN:1072,(anonymous_109)
FN:1082,(anonymous_110)
FNF:110
FNH:74
FNDA:76,(anonymous_1)
FNDA:76,(anonymous_2)
FNDA:103,(anonymous_3)
FNDA:61,(anonymous_4)
FNDA:42,(anonymous_5)
FNDA:76,(anonymous_6)
FNDA:102,(anonymous_7)
FNDA:60,(anonymous_8)
FNDA:42,(anonymous_9)
FNDA:152,(anonymous_10)
FNDA:76,(anonymous_11)
FNDA:102,(anonymous_12)
FNDA:60,(anonymous_13)
FNDA:102,(anonymous_14)
FNDA:120,(anonymous_15)
FNDA:238,(anonymous_16)
FNDA:158,(anonymous_17)
FNDA:1,(anonymous_18)
FNDA:0,(anonymous_19)
FNDA:15,(anonymous_20)
FNDA:1,(anonymous_21)
FNDA:1,(anonymous_22)
FNDA:1,(anonymous_23)
FNDA:1,(anonymous_24)
FNDA:2,(anonymous_25)
FNDA:1,(anonymous_26)
FNDA:1,(anonymous_27)
FNDA:1,(anonymous_28)
FNDA:1,(anonymous_29)
FNDA:1,(anonymous_30)
FNDA:1,(anonymous_31)
FNDA:1,(anonymous_32)
FNDA:1,(anonymous_33)
FNDA:1,(anonymous_34)
FNDA:1,(anonymous_35)
FNDA:78,(anonymous_36)
FNDA:1,(anonymous_37)
FNDA:0,(anonymous_38)
FNDA:0,(anonymous_39)
FNDA:0,(anonymous_40)
FNDA:0,(anonymous_41)
FNDA:0,(anonymous_42)
FNDA:0,(anonymous_43)
FNDA:0,(anonymous_44)
FNDA:0,(anonymous_45)
FNDA:0,(anonymous_46)
FNDA:0,(anonymous_47)
FNDA:0,(anonymous_48)
FNDA:86,(anonymous_49)
FNDA:2,(anonymous_50)
FNDA:2,(anonymous_51)
FNDA:2,(anonymous_52)
FNDA:2,(anonymous_53)
FNDA:1,(anonymous_54)
FNDA:3,(anonymous_55)
FNDA:6,(anonymous_56)
FNDA:5,(anonymous_57)
FNDA:17,(anonymous_58)
FNDA:30,(anonymous_59)
FNDA:5,(anonymous_60)
FNDA:23,(anonymous_61)
FNDA:9,(anonymous_62)
FNDA:3,(anonymous_63)
FNDA:35,(anonymous_64)
FNDA:35,(anonymous_65)
FNDA:49,(anonymous_66)
FNDA:40,(anonymous_67)
FNDA:24,(anonymous_68)
FNDA:3,(anonymous_69)
FNDA:5,(anonymous_70)
FNDA:1,(anonymous_71)
FNDA:30,(anonymous_72)
FNDA:27,(anonymous_73)
FNDA:3,(anonymous_74)
FNDA:1,(anonymous_75)
FNDA:1,(anonymous_76)
FNDA:2,(anonymous_77)
FNDA:1,(anonymous_78)
FNDA:1,(anonymous_79)
FNDA:0,(anonymous_80)
FNDA:3,(anonymous_81)
FNDA:2,(anonymous_82)
FNDA:1,(anonymous_83)
FNDA:3,(anonymous_84)
FNDA:4,(anonymous_85)
FNDA:2,(anonymous_86)
FNDA:2,(anonymous_87)
FNDA:0,(anonymous_88)
FNDA:0,(anonymous_89)
FNDA:0,(anonymous_90)
FNDA:0,(anonymous_91)
FNDA:0,(anonymous_92)
FNDA:0,(anonymous_93)
FNDA:0,(anonymous_94)
FNDA:0,(anonymous_95)
FNDA:0,(anonymous_96)
FNDA:0,(anonymous_97)
FNDA:0,(anonymous_98)
FNDA:0,(anonymous_99)
FNDA:0,(anonymous_100)
FNDA:0,(anonymous_101)
FNDA:0,(anonymous_102)
FNDA:0,(anonymous_103)
FNDA:0,(anonymous_104)
FNDA:0,(anonymous_105)
FNDA:0,(anonymous_106)
FNDA:0,(anonymous_107)
FNDA:0,(anonymous_108)
FNDA:0,(anonymous_109)
FNDA:0,(anonymous_110)
DA:1,5
DA:2,5
DA:30,5
DA:31,5
DA:32,5
DA:40,5
DA:47,5
DA:56,5
DA:66,5
DA:68,76
DA:69,76
DA:70,76
DA:80,76
DA:88,76
DA:89,76
DA:90,76
DA:91,76
DA:92,76
DA:93,76
DA:94,76
DA:95,76
DA:96,76
DA:97,76
DA:102,76
DA:103,103
DA:105,103
DA:106,314
DA:109,103
DA:113,76
DA:115,61
DA:123,61
DA:124,122
DA:127,61
DA:134,42
DA:135,42
DA:136,49
DA:137,49
DA:139,3
DA:140,3
DA:143,46
DA:148,39
DA:155,76
DA:157,102
DA:158,102
DA:161,76
DA:164,60
DA:165,60
DA:167,60
DA:177,60
DA:181,42
DA:182,42
DA:183,42
DA:185,42
DA:195,42
DA:200,76
DA:201,152
DA:203,111
DA:204,111
DA:205,111
DA:206,45
DA:214,76
DA:215,102
DA:216,102
DA:218,102
DA:234,102
DA:238,76
DA:239,60
DA:240,60
DA:241,60
DA:243,60
DA:255,60
DA:259,76
DA:260,102
DA:261,102
DA:266,120
DA:267,120
DA:269,2
DA:275,238
DA:276,238
DA:283,158
DA:284,154
DA:286,158
DA:287,80
DA:289,158
DA:293,1
DA:294,1
DA:299,0
DA:300,0
DA:302,0
DA:303,0
DA:308,15
DA:309,15
DA:310,15
DA:319,1
DA:326,1
DA:333,1
DA:340,1
DA:347,2
DA:354,1
DA:361,1
DA:367,1
DA:369,1
DA:378,1
DA:384,1
DA:386,1
DA:395,1
DA:401,1
DA:403,1
DA:412,78
DA:419,1
DA:428,0
DA:435,0
DA:442,0
DA:449,0
DA:456,0
DA:463,0
DA:470,0
DA:477,0
DA:484,0
DA:491,0
DA:501,0
DA:502,0
DA:516,86
DA:518,86
DA:519,1
DA:524,85
DA:529,2
DA:530,2
DA:531,2
DA:532,1
DA:534,1
DA:536,2
DA:541,2
DA:542,2
DA:544,2
DA:548,2
DA:552,2
DA:553,1
DA:554,1
DA:557,1
DA:561,1
DA:565,3
DA:568,6
DA:570,6
DA:573,6
DA:574,1
DA:577,5
DA:579,5
DA:583,5
DA:584,5
DA:587,5
DA:589,5
DA:595,17
DA:597,17
DA:598,30
DA:599,29
DA:603,17
DA:607,5
DA:608,5
DA:609,5
DA:611,5
DA:624,23
DA:625,23
DA:627,23
DA:629,9
DA:630,9
DA:631,9
DA:633,0
DA:636,3
DA:637,3
DA:645,2
DA:646,2
DA:653,6
DA:659,3
DA:668,9
DA:669,9
DA:673,3
DA:674,3
DA:675,3
DA:676,2
DA:678,1
DA:679,1
DA:682,0
DA:692,35
DA:696,35
DA:697,35
DA:698,49
DA:705,40
DA:706,16
DA:713,24
DA:714,24
DA:715,24
DA:716,0
DA:717,0
DA:719,24
DA:724,10
DA:729,3
DA:730,3
DA:731,3
DA:732,3
DA:734,3
DA:736,0
DA:741,5
DA:742,5
DA:743,5
DA:744,5
DA:746,0
DA:751,1
DA:752,1
DA:753,1
DA:754,1
DA:755,1
DA:757,0
DA:762,30
DA:763,30
DA:770,27
DA:771,19
DA:776,8
DA:781,3
DA:782,3
DA:789,1
DA:790,1
DA:795,0
DA:800,1
DA:801,1
DA:802,1
DA:803,1
DA:805,1
DA:807,0
DA:812,2
DA:813,2
DA:814,2
DA:815,2
DA:817,0
DA:822,1
DA:823,1
DA:824,1
DA:825,1
DA:826,1
DA:828,0
DA:833,1
DA:834,1
DA:841,0
DA:842,0
DA:847,0
DA:852,3
DA:853,3
DA:860,2
DA:861,2
DA:866,0
DA:871,1
DA:872,1
DA:873,1
DA:874,1
DA:876,1
DA:878,0
DA:883,3
DA:884,3
DA:885,3
DA:886,3
DA:888,0
DA:893,4
DA:894,4
DA:895,1
DA:897,3
DA:902,2
DA:903,2
DA:904,1
DA:906,1
DA:911,2
DA:912,2
DA:914,1
DA:924,0
DA:931,0
DA:938,0
DA:945,0
DA:952,0
DA:959,0
DA:966,0
DA:973,0
DA:980,0
DA:987,0
DA:994,0
DA:1001,0
DA:1010,0
DA:1017,0
DA:1024,0
DA:1031,0
DA:1038,0
DA:1045,0
DA:1052,0
DA:1059,0
DA:1066,0
DA:1073,0
DA:1088,0
LF:295
LH:239
BRDA:79,0,0,55
BRDA:139,1,0,3
BRDA:139,2,0,3
BRDA:139,2,1,3
BRDA:139,2,2,3
BRDA:164,3,0,60
BRDA:164,3,1,0
BRDA:170,4,0,60
BRDA:170,4,1,0
BRDA:171,5,0,60
BRDA:171,5,1,0
BRDA:182,6,0,42
BRDA:182,6,1,0
BRDA:188,7,0,42
BRDA:188,7,1,0
BRDA:189,8,0,42
BRDA:189,8,1,0
BRDA:191,9,0,42
BRDA:191,9,1,2
BRDA:201,10,0,111
BRDA:201,11,0,152
BRDA:201,11,1,139
BRDA:205,12,0,45
BRDA:205,13,0,111
BRDA:205,13,1,59
BRDA:220,14,0,102
BRDA:220,14,1,0
BRDA:221,15,0,102
BRDA:221,15,1,0
BRDA:222,16,0,102
BRDA:222,16,1,0
BRDA:226,17,0,102
BRDA:226,17,1,0
BRDA:227,18,0,102
BRDA:227,18,1,0
BRDA:240,19,0,60
BRDA:240,19,1,0
BRDA:241,20,0,60
BRDA:241,20,1,0
BRDA:283,21,0,154
BRDA:286,22,0,80
BRDA:293,23,0,1
BRDA:293,24,0,1
BRDA:293,24,1,1
BRDA:299,25,0,0
BRDA:299,26,0,0
BRDA:299,26,1,0
BRDA:302,27,0,0
BRDA:302,28,0,0
BRDA:302,28,1,0
BRDA:318,29,0,0
BRDA:360,30,0,1
BRDA:377,31,0,1
BRDA:394,32,0,1
BRDA:514,33,0,0
BRDA:518,34,0,1
BRDA:528,35,0,0
BRDA:530,36,0,2
BRDA:530,36,1,0
BRDA:531,37,0,1
BRDA:531,37,1,1
BRDA:540,38,0,0
BRDA:540,39,0,0
BRDA:541,40,0,2
BRDA:552,41,0,1
BRDA:564,42,0,0
BRDA:573,43,0,1
BRDA:573,44,0,6
BRDA:573,44,1,6
BRDA:573,45,0,6
BRDA:573,45,1,3
BRDA:573,46,0,6
BRDA:573,46,1,0
BRDA:577,47,0,5
BRDA:577,47,1,3
BRDA:579,48,0,1
BRDA:579,48,1,4
BRDA:580,49,0,1
BRDA:580,49,1,0
BRDA:581,50,0,4
BRDA:581,50,1,0
BRDA:583,51,0,5
BRDA:598,52,0,29
BRDA:598,53,0,30
BRDA:598,53,1,29
BRDA:607,54,0,5
BRDA:607,54,1,0
BRDA:608,55,0,5
BRDA:608,55,1,1
BRDA:609,56,0,5
BRDA:609,56,1,2
BRDA:627,57,0,9
BRDA:627,57,1,3
BRDA:627,57,2,2
BRDA:627,57,3,4
BRDA:627,57,4,5
BRDA:627,57,5,6
BRDA:627,57,6,6
BRDA:627,57,7,3
BRDA:629,58,0,9
BRDA:638,59,0,3
BRDA:638,59,1,0
BRDA:646,60,0,1
BRDA:646,60,1,1
BRDA:654,61,0,6
BRDA:654,61,1,1
BRDA:660,62,0,3
BRDA:660,62,1,0
BRDA:661,63,0,3
BRDA:661,63,1,2
BRDA:669,64,0,9
BRDA:669,64,1,0
BRDA:673,65,0,3
BRDA:673,66,0,3
BRDA:673,66,1,3
BRDA:675,67,0,2
BRDA:675,68,0,3
BRDA:675,68,1,2
BRDA:678,69,0,1
BRDA:678,70,0,1
BRDA:678,70,1,1
BRDA:690,71,0,0
BRDA:695,72,0,34
BRDA:715,73,0,0
BRDA:728,74,0,0
BRDA:731,75,0,2
BRDA:731,75,1,1
BRDA:750,76,0,0
BRDA:761,77,0,28
BRDA:780,78,0,3
BRDA:799,79,0,0
BRDA:802,80,0,1
BRDA:802,80,1,0
BRDA:821,81,0,0
BRDA:832,82,0,1
BRDA:851,83,0,3
BRDA:870,84,0,0
BRDA:873,85,0,1
BRDA:873,85,1,0
BRDA:1085,86,0,0
BRDA:1086,87,0,0
BRF:141
BRH:97
end_of_record
TN:
SF:src\developer-tools.ts
FN:77,(anonymous_0)
FN:88,(anonymous_1)
FN:105,(anonymous_2)
FN:109,(anonymous_3)
FN:110,(anonymous_4)
FN:111,(anonymous_5)
FN:112,(anonymous_6)
FN:113,(anonymous_7)
FN:114,(anonymous_8)
FN:115,(anonymous_9)
FN:116,(anonymous_10)
FN:124,(anonymous_11)
FN:150,(anonymous_12)
FN:191,(anonymous_13)
FN:208,(anonymous_14)
FN:223,(anonymous_15)
FN:360,(anonymous_16)
FN:405,(anonymous_17)
FN:416,(anonymous_18)
FN:424,(anonymous_19)
FN:428,(anonymous_20)
FN:432,(anonymous_21)
FN:436,(anonymous_22)
FN:441,(anonymous_23)
FN:453,(anonymous_24)
FN:460,(anonymous_25)
FN:465,(anonymous_26)
FN:473,(anonymous_27)
FN:476,(anonymous_28)
FN:490,(anonymous_29)
FN:508,(anonymous_30)
FN:520,(anonymous_31)
FN:535,(anonymous_32)
FN:539,(anonymous_33)
FN:543,(anonymous_34)
FN:547,(anonymous_35)
FNF:36
FNH:6
FNDA:76,(anonymous_0)
FNDA:76,(anonymous_1)
FNDA:0,(anonymous_2)
FNDA:0,(anonymous_3)
FNDA:0,(anonymous_4)
FNDA:0,(anonymous_5)
FNDA:0,(anonymous_6)
FNDA:0,(anonymous_7)
FNDA:0,(anonymous_8)
FNDA:0,(anonymous_9)
FNDA:0,(anonymous_10)
FNDA:102,(anonymous_11)
FNDA:60,(anonymous_12)
FNDA:0,(anonymous_13)
FNDA:0,(anonymous_14)
FNDA:76,(anonymous_15)
FNDA:0,(anonymous_16)
FNDA:0,(anonymous_17)
FNDA:0,(anonymous_18)
FNDA:0,(anonymous_19)
FNDA:0,(anonymous_20)
FNDA:0,(anonymous_21)
FNDA:0,(anonymous_22)
FNDA:0,(anonymous_23)
FNDA:102,(anonymous_24)
FNDA:0,(anonymous_25)
FNDA:0,(anonymous_26)
FNDA:0,(anonymous_27)
FNDA:0,(anonymous_28)
FNDA:0,(anonymous_29)
FNDA:0,(anonymous_30)
FNDA:0,(anonymous_31)
FNDA:0,(anonymous_32)
FNDA:0,(anonymous_33)
FNDA:0,(anonymous_34)
FNDA:0,(anonymous_35)
DA:69,5
DA:72,76
DA:73,76
DA:74,76
DA:75,76
DA:78,76
DA:79,76
DA:80,76
DA:82,76
DA:83,0
DA:84,0
DA:89,76
DA:106,0
DA:108,0
DA:109,0
DA:110,0
DA:111,0
DA:112,0
DA:113,0
DA:114,0
DA:115,0
DA:116,0
DA:119,0
DA:125,102
DA:127,0
DA:129,0
DA:130,0
DA:139,0
DA:140,0
DA:151,60
DA:153,0
DA:155,0
DA:156,0
DA:165,0
DA:166,0
DA:175,0
DA:176,0
DA:185,0
DA:186,0
DA:192,0
DA:194,0
DA:197,0
DA:198,0
DA:201,0
DA:204,0
DA:209,0
DA:211,0
DA:212,0
DA:218,0
DA:224,76
DA:361,0
DA:391,0
DA:392,0
DA:394,0
DA:406,0
DA:417,0
DA:418,0
DA:419,0
DA:420,0
DA:425,0
DA:429,0
DA:433,0
DA:437,0
DA:442,0
DA:444,0
DA:445,0
DA:446,0
DA:447,0
DA:448,0
DA:454,102
DA:455,102
DA:458,0
DA:459,0
DA:460,0
DA:466,0
DA:467,0
DA:468,0
DA:470,0
DA:471,0
DA:472,0
DA:473,0
DA:475,0
DA:476,0
DA:479,0
DA:490,0
DA:509,0
DA:514,5
DA:527,0
DA:528,0
DA:529,0
DA:530,0
DA:531,0
DA:532,0
DA:536,0
DA:538,0
DA:539,0
DA:542,0
DA:543,0
DA:546,0
DA:547,0
DA:550,0
DA:554,5
LF:102
LH:17
BRDA:82,0,0,0
BRDA:106,1,0,0
BRDA:125,2,0,102
BRDA:125,3,0,102
BRDA:125,3,1,0
BRDA:129,4,0,0
BRDA:139,5,0,0
BRDA:139,6,0,0
BRDA:139,6,1,0
BRDA:151,7,0,60
BRDA:151,8,0,60
BRDA:151,8,1,0
BRDA:155,9,0,0
BRDA:160,10,0,0
BRDA:160,10,1,0
BRDA:165,11,0,0
BRDA:175,12,0,0
BRDA:175,13,0,0
BRDA:175,13,1,0
BRDA:185,14,0,0
BRDA:185,15,0,0
BRDA:185,15,1,0
BRDA:192,16,0,0
BRDA:192,17,0,0
BRDA:192,17,1,0
BRDA:197,18,0,0
BRDA:201,19,0,0
BRDA:201,19,1,0
BRDA:202,20,0,0
BRDA:202,20,1,0
BRDA:211,21,0,0
BRDA:211,21,1,0
BRDA:214,22,0,0
BRDA:214,22,1,0
BRDA:215,23,0,0
BRDA:215,23,1,0
BRDA:215,24,0,0
BRDA:215,24,1,0
BRDA:392,25,0,0
BRDA:395,26,0,0
BRDA:395,26,1,0
BRDA:397,27,0,0
BRDA:397,27,1,0
BRDA:399,28,0,0
BRDA:399,28,1,0
BRDA:444,29,0,0
BRDA:444,29,1,0
BRDA:444,30,0,0
BRDA:444,30,1,0
BRDA:447,31,0,0
BRDA:454,32,0,102
BRDA:454,33,0,102
BRDA:454,33,1,0
BRDA:459,34,0,0
BRDA:472,35,0,0
BRDA:472,35,1,0
BRDA:475,36,0,0
BRDA:475,36,1,0
BRDA:490,37,0,0
BRDA:490,37,1,0
BRDA:493,38,0,0
BRDA:493,38,1,0
BRDA:494,39,0,0
BRDA:494,39,1,0
BRDA:495,40,0,0
BRDA:495,40,1,0
BRDA:496,41,0,0
BRDA:496,41,1,0
BRDA:497,42,0,0
BRDA:497,42,1,0
BRDA:523,43,0,0
BRDA:524,44,0,0
BRDA:525,45,0,0
BRDA:538,46,0,0
BRDA:542,47,0,0
BRDA:546,48,0,0
BRF:76
BRH:6
end_of_record
TN:
SF:src\error-recovery.ts
FN:102,(anonymous_0)
FN:114,(anonymous_1)
FN:140,(anonymous_2)
FN:157,(anonymous_3)
FN:173,(anonymous_4)
FN:181,(anonymous_5)
FN:185,(anonymous_6)
FN:195,(anonymous_7)
FN:211,(anonymous_8)
FN:222,(anonymous_9)
FN:227,(anonymous_10)
FN:240,(anonymous_11)
FN:253,(anonymous_12)
FN:298,(anonymous_13)
FN:325,(anonymous_14)
FN:326,(anonymous_15)
FN:329,(anonymous_16)
FN:350,(anonymous_17)
FN:354,(anonymous_18)
FN:365,(anonymous_19)
FN:375,(anonymous_20)
FN:406,(anonymous_21)
FN:407,(anonymous_22)
FN:408,(anonymous_23)
FN:412,(anonymous_24)
FN:416,(anonymous_25)
FN:432,(anonymous_26)
FN:442,(anonymous_27)
FN:460,(anonymous_28)
FN:464,(anonymous_29)
FN:465,(anonymous_30)
FN:471,(anonymous_31)
FN:475,(anonymous_32)
FN:479,(anonymous_33)
FN:486,(anonymous_34)
FN:487,(anonymous_35)
FN:497,(anonymous_36)
FN:502,(anonymous_37)
FN:522,(anonymous_38)
FN:529,(anonymous_39)
FN:551,(anonymous_40)
FN:555,(anonymous_41)
FN:559,(anonymous_42)
FN:568,(anonymous_43)
FN:577,(anonymous_44)
FN:589,(anonymous_45)
FN:593,(anonymous_46)
FN:641,(anonymous_47)
FN:646,(anonymous_48)
FN:684,(anonymous_49)
FN:689,(anonymous_50)
FNF:51
FNH:23
FNDA:77,(anonymous_0)
FNDA:35,(anonymous_1)
FNDA:25,(anonymous_2)
FNDA:10,(anonymous_3)
FNDA:10,(anonymous_4)
FNDA:0,(anonymous_5)
FNDA:36,(anonymous_6)
FNDA:1,(anonymous_7)
FNDA:0,(anonymous_8)
FNDA:0,(anonymous_9)
FNDA:0,(anonymous_10)
FNDA:76,(anonymous_11)
FNDA:35,(anonymous_12)
FNDA:14,(anonymous_13)
FNDA:14,(anonymous_14)
FNDA:14,(anonymous_15)
FNDA:17,(anonymous_16)
FNDA:0,(anonymous_17)
FNDA:0,(anonymous_18)
FNDA:76,(anonymous_19)
FNDA:49,(anonymous_20)
FNDA:24,(anonymous_21)
FNDA:24,(anonymous_22)
FNDA:17,(anonymous_23)
FNDA:0,(anonymous_24)
FNDA:0,(anonymous_25)
FNDA:76,(anonymous_26)
FNDA:0,(anonymous_27)
FNDA:35,(anonymous_28)
FNDA:35,(anonymous_29)
FNDA:49,(anonymous_30)
FNDA:0,(anonymous_31)
FNDA:0,(anonymous_32)
FNDA:0,(anonymous_33)
FNDA:0,(anonymous_34)
FNDA:0,(anonymous_35)
FNDA:0,(anonymous_36)
FNDA:0,(anonymous_37)
FNDA:0,(anonymous_38)
FNDA:0,(anonymous_39)
FNDA:0,(anonymous_40)
FNDA:0,(anonymous_41)
FNDA:0,(anonymous_42)
FNDA:0,(anonymous_43)
FNDA:0,(anonymous_44)
FNDA:76,(anonymous_45)
FNDA:0,(anonymous_46)
FNDA:0,(anonymous_47)
FNDA:0,(anonymous_48)
FNDA:0,(anonymous_49)
FNDA:0,(anonymous_50)
DA:91,6
DA:93,77
DA:94,77
DA:95,77
DA:96,77
DA:97,77
DA:103,77
DA:115,35
DA:116,0
DA:119,35
DA:121,35
DA:122,0
DA:123,0
DA:124,0
DA:126,0
DA:130,35
DA:131,35
DA:132,25
DA:133,25
DA:135,10
DA:136,10
DA:141,25
DA:142,25
DA:143,25
DA:145,25
DA:146,0
DA:147,0
DA:148,0
DA:149,0
DA:151,25
DA:153,25
DA:158,10
DA:159,10
DA:160,10
DA:162,10
DA:163,0
DA:164,0
DA:165,10
DA:166,10
DA:167,0
DA:168,0
DA:174,10
DA:175,10
DA:178,0
DA:182,0
DA:186,36
DA:187,36
DA:188,0
DA:189,0
DA:190,0
DA:191,0
DA:196,1
DA:198,1
DA:212,0
DA:213,0
DA:214,0
DA:215,0
DA:216,0
DA:217,0
DA:218,0
DA:219,0
DA:223,0
DA:224,0
DA:228,0
DA:229,0
DA:230,0
DA:237,6
DA:241,76
DA:254,35
DA:255,0
DA:258,35
DA:259,35
DA:261,35
DA:262,49
DA:263,49
DA:264,25
DA:266,24
DA:267,24
DA:269,24
DA:276,24
DA:277,10
DA:278,10
DA:281,14
DA:282,14
DA:283,14
DA:285,14
DA:290,10
DA:291,10
DA:292,10
DA:295,10
DA:301,14
DA:303,14
DA:304,14
DA:306,0
DA:307,0
DA:310,0
DA:311,0
DA:315,14
DA:318,14
DA:319,14
DA:322,14
DA:326,14
DA:331,17
DA:334,17
DA:335,0
DA:338,17
DA:339,10
DA:343,7
DA:344,4
DA:347,3
DA:351,0
DA:355,0
DA:362,6
DA:366,76
DA:379,49
DA:380,0
DA:384,49
DA:385,49
DA:388,24
DA:389,24
DA:390,24
DA:394,0
DA:397,24
DA:402,24
DA:407,24
DA:408,24
DA:413,0
DA:417,0
DA:424,6
DA:429,76
DA:433,76
DA:442,0
DA:451,76
DA:452,76
DA:453,76
DA:455,76
DA:456,0
DA:464,35
DA:465,35
DA:466,49
DA:472,0
DA:476,0
DA:480,0
DA:481,0
DA:482,0
DA:487,0
DA:488,0
DA:489,0
DA:492,0
DA:498,0
DA:499,0
DA:502,0
DA:503,0
DA:506,0
DA:512,0
DA:513,0
DA:523,0
DA:524,0
DA:525,0
DA:530,0
DA:533,0
DA:534,0
DA:536,0
DA:537,0
DA:539,0
DA:540,0
DA:544,0
DA:545,0
DA:546,0
DA:547,0
DA:552,0
DA:556,0
DA:560,0
DA:561,0
DA:569,0
DA:570,0
DA:578,0
DA:579,0
DA:586,6
DA:590,76
DA:594,0
DA:595,0
DA:597,0
DA:598,0
DA:601,0
DA:602,0
DA:603,0
DA:604,0
DA:605,0
DA:606,0
DA:607,0
DA:609,0
DA:610,0
DA:611,0
DA:613,0
DA:616,0
DA:617,0
DA:618,0
DA:619,0
DA:620,0
DA:621,0
DA:622,0
DA:625,0
DA:626,0
DA:627,0
DA:628,0
DA:629,0
DA:631,0
DA:632,0
DA:633,0
DA:635,0
DA:638,0
DA:643,0
DA:647,0
DA:648,0
DA:651,0
DA:652,0
DA:653,0
DA:654,0
DA:655,0
DA:657,0
DA:658,0
DA:659,0
DA:660,0
DA:664,0
DA:665,0
DA:666,0
DA:667,0
DA:671,0
DA:672,0
DA:673,0
DA:674,0
DA:677,0
DA:678,0
DA:681,0
DA:685,0
DA:687,0
DA:689,0
DA:691,0
LF:239
LH:96
BRDA:102,0,0,0
BRDA:115,1,0,0
BRDA:121,2,0,0
BRDA:122,3,0,0
BRDA:122,3,1,0
BRDA:145,4,0,0
BRDA:145,4,1,25
BRDA:146,5,0,0
BRDA:151,6,0,25
BRDA:162,7,0,0
BRDA:162,7,1,10
BRDA:165,8,0,10
BRDA:166,9,0,0
BRDA:174,10,0,10
BRDA:182,11,0,0
BRDA:182,11,1,0
BRDA:187,12,0,0
BRDA:203,13,0,0
BRDA:203,13,1,1
BRDA:240,14,0,0
BRDA:254,15,0,0
BRDA:266,16,0,24
BRDA:266,16,1,0
BRDA:276,17,0,10
BRDA:276,18,0,24
BRDA:276,18,1,17
BRDA:290,19,0,10
BRDA:301,20,0,14
BRDA:301,20,1,0
BRDA:301,20,2,0
BRDA:301,20,3,0
BRDA:318,21,0,14
BRDA:334,22,0,0
BRDA:334,23,0,17
BRDA:334,23,1,17
BRDA:334,23,2,17
BRDA:338,24,0,10
BRDA:338,25,0,17
BRDA:338,25,1,15
BRDA:343,26,0,4
BRDA:365,27,0,0
BRDA:377,28,0,0
BRDA:379,29,0,0
BRDA:432,30,0,76
BRDA:455,31,0,0
BRDA:462,32,0,0
BRDA:481,33,0,0
BRDA:498,34,0,0
BRDA:498,35,0,0
BRDA:498,35,1,0
BRDA:512,36,0,0
BRDA:512,36,1,0
BRDA:523,37,0,0
BRDA:533,38,0,0
BRDA:536,39,0,0
BRDA:539,40,0,0
BRDA:544,41,0,0
BRDA:544,41,1,0
BRDA:544,42,0,0
BRDA:544,42,1,0
BRDA:546,43,0,0
BRDA:546,44,0,0
BRDA:546,44,1,0
BRDA:601,45,0,0
BRDA:601,45,1,0
BRDA:601,46,0,0
BRDA:601,46,1,0
BRDA:609,47,0,0
BRDA:617,48,0,0
BRDA:617,48,1,0
BRDA:618,49,0,0
BRDA:618,49,1,0
BRDA:619,50,0,0
BRDA:619,50,1,0
BRDA:620,51,0,0
BRDA:620,51,1,0
BRDA:621,52,0,0
BRDA:621,52,1,0
BRDA:622,53,0,0
BRDA:622,53,1,0
BRDA:625,54,0,0
BRDA:625,55,0,0
BRDA:625,55,1,0
BRDA:627,56,0,0
BRDA:631,57,0,0
BRDA:651,58,0,0
BRDA:651,58,1,0
BRDA:653,59,0,0
BRDA:657,60,0,0
BRDA:657,60,1,0
BRDA:659,61,0,0
BRDA:659,62,0,0
BRDA:659,62,1,0
BRDA:659,62,2,0
BRDA:664,63,0,0
BRDA:664,63,1,0
BRDA:664,64,0,0
BRDA:664,64,1,0
BRDA:666,65,0,0
BRDA:666,66,0,0
BRDA:666,66,1,0
BRDA:666,66,2,0
BRDA:671,67,0,0
BRDA:671,67,1,0
BRDA:673,68,0,0
BRDA:673,69,0,0
BRDA:673,69,1,0
BRDA:677,70,0,0
BRF:108
BRH:21
end_of_record
TN:
SF:src\logger.ts
FN:35,(anonymous_0)
FN:42,(anonymous_1)
FN:46,(anonymous_2)
FN:50,(anonymous_3)
FN:54,(anonymous_4)
FN:58,(anonymous_5)
FN:62,(anonymous_6)
FN:66,(anonymous_7)
FN:88,(anonymous_8)
FN:92,(anonymous_9)
FN:114,(anonymous_10)
FN:115,(anonymous_11)
FN:116,(anonymous_12)
FN:117,(anonymous_13)
FN:118,(anonymous_14)
FN:119,(anonymous_15)
FN:125,createLogger
FNF:17
FNH:8
FNDA:95,(anonymous_0)
FNDA:0,(anonymous_1)
FNDA:1,(anonymous_2)
FNDA:5,(anonymous_3)
FNDA:3,(anonymous_4)
FNDA:0,(anonymous_5)
FNDA:0,(anonymous_6)
FNDA:9,(anonymous_7)
FNDA:9,(anonymous_8)
FNDA:9,(anonymous_9)
FNDA:0,(anonymous_10)
FNDA:0,(anonymous_11)
FNDA:0,(anonymous_12)
FNDA:0,(anonymous_13)
FNDA:0,(anonymous_14)
FNDA:0,(anonymous_15)
FNDA:95,createLogger
DA:11,6
DA:18,6
DA:27,6
DA:36,95
DA:37,95
DA:38,95
DA:39,95
DA:43,0
DA:47,1
DA:51,5
DA:55,3
DA:59,0
DA:63,0
DA:67,9
DA:68,0
DA:71,9
DA:72,9
DA:73,9
DA:75,9
DA:78,9
DA:79,9
DA:80,9
DA:84,9
DA:85,9
DA:89,9
DA:94,9
DA:96,0
DA:98,1
DA:100,5
DA:102,3
DA:104,0
DA:113,6
DA:119,0
DA:125,6
DA:127,95
DA:128,0
DA:131,95
DA:135,95
DA:139,95
DA:150,6
LF:40
LH:32
BRDA:35,0,0,0
BRDA:37,1,0,95
BRDA:37,1,1,95
BRDA:38,2,0,95
BRDA:38,2,1,0
BRDA:39,3,0,95
BRDA:39,3,1,0
BRDA:39,3,2,0
BRDA:67,4,0,0
BRDA:71,5,0,0
BRDA:71,5,1,9
BRDA:73,6,0,9
BRDA:73,6,1,0
BRDA:78,7,0,9
BRDA:78,8,0,9
BRDA:78,8,1,9
BRDA:78,8,2,9
BRDA:94,9,0,0
BRDA:94,9,1,1
BRDA:94,9,2,5
BRDA:94,9,3,3
BRDA:94,9,4,0
BRDA:102,10,0,3
BRDA:102,10,1,0
BRDA:127,11,0,0
BRDA:127,12,0,95
BRDA:127,12,1,29
BRDA:127,12,2,29
BRDA:127,12,3,0
BRDA:135,13,0,0
BRDA:135,13,1,95
BRDA:135,14,0,95
BRDA:135,14,1,95
BRF:33
BRH:20
end_of_record
TN:
SF:src\performance.ts
FN:112,(anonymous_0)
FN:138,(anonymous_1)
FN:165,(anonymous_2)
FN:171,(anonymous_3)
FN:171,(anonymous_4)
FN:172,(anonymous_5)
FN:173,(anonymous_6)
FN:174,(anonymous_7)
FN:182,(anonymous_8)
FN:183,(anonymous_9)
FN:183,(anonymous_10)
FN:192,(anonymous_11)
FN:209,(anonymous_12)
FN:210,(anonymous_13)
FN:240,(anonymous_14)
FN:247,(anonymous_15)
FN:254,(anonymous_16)
FN:263,(anonymous_17)
FN:270,(anonymous_18)
FN:280,(anonymous_19)
FN:293,(anonymous_20)
FN:300,(anonymous_21)
FN:307,(anonymous_22)
FN:324,(anonymous_23)
FN:336,(anonymous_24)
FN:337,(anonymous_25)
FN:347,(anonymous_26)
FN:350,(anonymous_27)
FN:375,(anonymous_28)
FN:382,(anonymous_29)
FN:436,(anonymous_30)
FN:445,(anonymous_31)
FN:467,(anonymous_32)
FN:499,(anonymous_33)
FN:513,(anonymous_34)
FN:520,(anonymous_35)
FN:592,(anonymous_36)
FN:600,(anonymous_37)
FN:645,(anonymous_38)
FN:650,(anonymous_39)
FNF:40
FNH:35
FNDA:105,(anonymous_0)
FNDA:199,(anonymous_1)
FNDA:333,(anonymous_2)
FNDA:939,(anonymous_3)
FNDA:682,(anonymous_4)
FNDA:939,(anonymous_5)
FNDA:939,(anonymous_6)
FNDA:939,(anonymous_7)
FNDA:133,(anonymous_8)
FNDA:939,(anonymous_9)
FNDA:806,(anonymous_10)
FNDA:939,(anonymous_11)
FNDA:133,(anonymous_12)
FNDA:806,(anonymous_13)
FNDA:2,(anonymous_14)
FNDA:0,(anonymous_15)
FNDA:1,(anonymous_16)
FNDA:3,(anonymous_17)
FNDA:0,(anonymous_18)
FNDA:2,(anonymous_19)
FNDA:1,(anonymous_20)
FNDA:1,(anonymous_21)
FNDA:112,(anonymous_22)
FNDA:1,(anonymous_23)
FNDA:562,(anonymous_24)
FNDA:11,(anonymous_25)
FNDA:106,(anonymous_26)
FNDA:5,(anonymous_27)
FNDA:30,(anonymous_28)
FNDA:198,(anonymous_29)
FNDA:82,(anonymous_30)
FNDA:530,(anonymous_31)
FNDA:56,(anonymous_32)
FNDA:29,(anonymous_33)
FNDA:100,(anonymous_34)
FNDA:1,(anonymous_35)
FNDA:0,(anonymous_36)
FNDA:4,(anonymous_37)
FNDA:0,(anonymous_38)
FNDA:0,(anonymous_39)
DA:104,6
DA:105,105
DA:106,105
DA:108,105
DA:113,105
DA:128,105
DA:130,105
DA:131,105
DA:139,199
DA:142,198
DA:145,198
DA:146,2
DA:150,198
DA:157,198
DA:158,198
DA:166,333
DA:167,56
DA:170,277
DA:171,939
DA:172,939
DA:173,939
DA:174,939
DA:177,277
DA:178,277
DA:179,277
DA:182,277
DA:183,939
DA:186,277
DA:187,277
DA:188,277
DA:190,277
DA:192,939
DA:209,133
DA:210,806
DA:228,277
DA:234,277
DA:241,2
DA:248,0
DA:255,1
DA:256,1
DA:257,1
DA:264,3
DA:271,0
DA:272,0
DA:273,0
DA:281,2
DA:283,2
DA:284,1
DA:285,1
DA:286,1
DA:294,1
DA:301,1
DA:313,112
DA:328,1
DA:329,1
DA:331,1
DA:332,0
DA:337,562
DA:338,11
DA:339,11
DA:342,0
DA:348,106
DA:350,106
DA:351,5
DA:352,5
DA:360,5
DA:363,5
DA:364,0
DA:367,5
DA:376,30
DA:377,30
DA:378,30
DA:383,198
DA:384,198
DA:387,198
DA:388,1
DA:399,198
DA:400,50
DA:411,198
DA:412,20
DA:423,198
DA:424,198
DA:425,11
DA:436,198
DA:437,82
DA:446,530
DA:448,530
DA:449,530
DA:454,0
DA:456,0
DA:457,0
DA:464,0
DA:468,56
DA:469,56
DA:500,29
DA:501,29
DA:502,29
DA:503,29
DA:510,6
DA:514,100
DA:521,1
DA:522,1
DA:524,1
DA:525,1
DA:528,1
DA:529,1
DA:530,1
DA:531,1
DA:532,1
DA:533,1
DA:536,1
DA:537,1
DA:538,1
DA:539,1
DA:540,1
DA:543,1
DA:544,1
DA:545,1
DA:546,1
DA:547,1
DA:548,1
DA:550,1
DA:551,1
DA:552,1
DA:554,1
DA:557,1
DA:558,1
DA:559,1
DA:560,1
DA:561,1
DA:565,1
DA:566,1
DA:567,1
DA:568,1
DA:571,1
DA:572,0
DA:573,0
DA:575,0
DA:577,0
DA:578,0
DA:579,0
DA:581,0
DA:582,0
DA:583,0
DA:586,1
DA:594,0
DA:601,4
DA:602,4
DA:605,4
DA:606,1
DA:607,3
DA:608,0
DA:612,4
DA:613,2
DA:614,2
DA:615,0
DA:619,4
DA:620,1
DA:621,3
DA:622,0
DA:626,4
DA:627,4
DA:631,4
DA:632,4
DA:635,4
DA:636,0
DA:639,4
DA:646,0
DA:648,0
DA:650,0
DA:652,0
LF:171
LH:142
BRDA:112,0,0,80
BRDA:130,1,0,105
BRDA:139,2,0,1
BRDA:145,3,0,2
BRDA:157,4,0,198
BRDA:166,5,0,56
BRDA:172,6,0,939
BRDA:172,6,1,935
BRDA:173,7,0,939
BRDA:173,7,1,753
BRDA:193,8,0,277
BRDA:193,8,1,126
BRDA:194,9,0,277
BRDA:194,9,1,121
BRDA:195,10,0,277
BRDA:195,10,1,121
BRDA:196,11,0,277
BRDA:196,11,1,134
BRDA:197,12,0,277
BRDA:197,12,1,121
BRDA:209,13,0,277
BRDA:209,13,1,229
BRDA:210,14,0,277
BRDA:210,14,1,133
BRDA:217,15,0,277
BRDA:217,15,1,0
BRDA:247,16,0,0
BRDA:272,17,0,0
BRDA:283,18,0,1
BRDA:283,18,1,1
BRDA:283,19,0,2
BRDA:283,19,1,1
BRDA:285,20,0,1
BRDA:285,21,0,1
BRDA:285,21,1,1
BRDA:328,22,0,1
BRDA:331,23,0,0
BRDA:348,24,0,0
BRDA:363,25,0,0
BRDA:376,26,0,30
BRDA:387,27,0,1
BRDA:390,28,0,0
BRDA:390,28,1,1
BRDA:399,29,0,50
BRDA:402,30,0,49
BRDA:402,30,1,1
BRDA:411,31,0,20
BRDA:411,32,0,198
BRDA:411,32,1,185
BRDA:414,33,0,18
BRDA:414,33,1,2
BRDA:424,34,0,11
BRDA:424,35,0,198
BRDA:424,35,1,198
BRDA:427,36,0,10
BRDA:427,36,1,1
BRDA:446,37,0,530
BRDA:446,37,1,0
BRDA:446,38,0,530
BRDA:446,38,1,530
BRDA:454,39,0,0
BRDA:454,40,0,0
BRDA:454,40,1,0
BRDA:487,41,0,55
BRDA:487,41,1,1
BRDA:550,42,0,1
BRDA:550,43,0,1
BRDA:550,43,1,1
BRDA:557,44,0,1
BRDA:571,45,0,0
BRDA:581,46,0,0
BRDA:581,46,1,0
BRDA:582,47,0,0
BRDA:582,47,1,0
BRDA:583,48,0,0
BRDA:583,48,1,0
BRDA:605,49,0,1
BRDA:605,49,1,3
BRDA:607,50,0,0
BRDA:612,51,0,2
BRDA:612,51,1,2
BRDA:612,52,0,4
BRDA:612,52,1,3
BRDA:614,53,0,0
BRDA:619,54,0,1
BRDA:619,54,1,3
BRDA:621,55,0,0
BRDA:621,56,0,3
BRDA:621,56,1,3
BRDA:626,57,0,4
BRDA:631,58,0,4
BRDA:631,59,0,4
BRDA:631,59,1,4
BRDA:635,60,0,0
BRF:94
BRH:72
end_of_record
TN:
SF:src\types.ts
FN:192,(anonymous_0)
FN:206,(anonymous_1)
FN:214,(anonymous_2)
FN:221,(anonymous_3)
FN:229,(anonymous_4)
FNF:5
FNH:5
FNDA:23,(anonymous_0)
FNDA:9,(anonymous_1)
FNDA:3,(anonymous_2)
FNDA:6,(anonymous_3)
FNDA:2,(anonymous_4)
DA:188,5
DA:193,23
DA:194,23
DA:195,23
DA:196,23
DA:199,23
DA:200,23
DA:205,5
DA:207,9
DA:211,5
DA:215,3
DA:216,3
DA:220,5
DA:222,6
DA:226,5
DA:230,2
DA:231,2
LF:17
LH:17
BRDA:199,0,0,23
BRDA:221,1,0,0
BRF:2
BRH:1
end_of_record
